<?xml version="1.0" encoding="UTF-8"?>
<testsuites name="Test Suite del chungu 1" time="398.204" tests="20" failures="0" errors="0">
   <testsuite name="Test Suite del chungu 1" tests="20" failures="0" errors="0" time="398.204" skipped="0" timestamp="2023-02-14 19:24:26" hostname="hexas - DESKTOP-C94ONF5.mshome.net" id="Test Suites/Test Suite del chungu 1">
      <properties>
         <property name="deviceName" value=""/>
         <property name="devicePlatform" value=""/>
         <property name="logFolder" value="C:\\Users\\hexas\\git\\chungu\\Reports\\20230214_190752\\Test Suite del chungu 1\\20230214_190848"/>
         <property name="logFiles" value="C:\\Users\\hexas\\git\\chungu\\Reports\\20230214_190752\\Test Suite del chungu 1\\20230214_190848\\execution0.log"/>
         <property name="attachments" value=""/>
         <property name="hostName" value="hexas - DESKTOP-C94ONF5.mshome.net"/>
         <property name="os" value="Windows 10 64bit"/>
         <property name="katalonVersion" value="8.5.5.208"/>
         <property name="browser" value="Chrome 110.0.0.0"/>
         <property name="hostAddress" value="192.168.137.1"/>
         <property name="sessionId" value="3542e994c61e7a7d53381170f5c553fe"/>
         <property name="seleniumVersion" value="3.141.59"/>
         <property name="proxyInformation" value="ProxyInformation { proxyOption=NO_PROXY, proxyServerType=HTTP, username=, password=********, proxyServerAddress=, proxyServerPort=0, executionList=&quot;&quot;, isApplyToDesiredCapabilities=true }"/>
         <property name="platform" value="Windows 10"/>
      </properties>
      <testcase name="Test Cases/New Test Case - calamar - Copy (1)" time="20.607" classname="Test Cases/New Test Case - calamar - Copy (1)" status="PASSED">
         <system-out><![CDATA[2023-02-14 19:24:27 - [TEST_CASE][PASSED] - Test Cases/New Test Case - calamar - Copy (1): Test Cases/New Test Case - calamar - Copy (1)

2023-02-14 19:24:27 - [TEST_STEP][PASSED] - openBrowser(""): Browser is opened with url: ''

2023-02-14 19:24:28 - [MESSAGE][INFO] - Starting 'Chrome' driver

2023-02-14 19:24:28 - [MESSAGE][INFO] - Action delay is set to 0 milliseconds

2023-02-14 19:24:31 - [MESSAGE][PASSED] - Browser is opened with url: ''

2023-02-14 19:24:31 - [TEST_STEP][PASSED] - navigateToUrl("https://compucalitv.org/"): Navigate to 'https://compucalitv.org/' successfully

2023-02-14 19:24:39 - [MESSAGE][PASSED] - Navigate to 'https://compucalitv.org/' successfully

2023-02-14 19:24:39 - [TEST_STEP][PASSED] - click(findTestObject("Object Repository/Page_CompucaliTV  Ocio y Entretenimiento/a_Pelculas")): Object: 'Object Repository/Page_CompucaliTV  Ocio y Entretenimiento/a_Pelculas' is clicked on

2023-02-14 19:24:46 - [MESSAGE][PASSED] - Object: 'Object Repository/Page_CompucaliTV  Ocio y Entretenimiento/a_Pelculas' is clicked on

2023-02-14 19:24:46 - [TEST_STEP][PASSED] - closeBrowser(): Browser is closed

2023-02-14 19:24:47 - [MESSAGE][PASSED] - Browser is closed]]></system-out>
         <system-err><![CDATA[]]></system-err>
      </testcase>
      <testcase name="Test Cases/New Test Case - calamar - Copy (2)" time="15.459" classname="Test Cases/New Test Case - calamar - Copy (2)" status="PASSED">
         <system-out><![CDATA[2023-02-14 19:24:47 - [TEST_CASE][PASSED] - Test Cases/New Test Case - calamar - Copy (2): Test Cases/New Test Case - calamar - Copy (2)

2023-02-14 19:24:48 - [TEST_STEP][PASSED] - openBrowser(""): Browser is opened with url: ''

2023-02-14 19:24:48 - [MESSAGE][INFO] - Starting 'Chrome' driver

2023-02-14 19:24:48 - [MESSAGE][INFO] - Action delay is set to 0 milliseconds

2023-02-14 19:24:50 - [MESSAGE][PASSED] - Browser is opened with url: ''

2023-02-14 19:24:50 - [TEST_STEP][PASSED] - navigateToUrl("https://compucalitv.org/"): Navigate to 'https://compucalitv.org/' successfully

2023-02-14 19:24:55 - [MESSAGE][PASSED] - Navigate to 'https://compucalitv.org/' successfully

2023-02-14 19:24:55 - [TEST_STEP][PASSED] - click(findTestObject("Object Repository/Page_CompucaliTV  Ocio y Entretenimiento/a_Pelculas")): Object: 'Object Repository/Page_CompucaliTV  Ocio y Entretenimiento/a_Pelculas' is clicked on

2023-02-14 19:25:02 - [MESSAGE][PASSED] - Object: 'Object Repository/Page_CompucaliTV  Ocio y Entretenimiento/a_Pelculas' is clicked on

2023-02-14 19:25:02 - [TEST_STEP][PASSED] - closeBrowser(): Browser is closed

2023-02-14 19:25:03 - [MESSAGE][PASSED] - Browser is closed]]></system-out>
         <system-err><![CDATA[]]></system-err>
      </testcase>
      <testcase name="Test Cases/New Test Case - calamar - Copy (3)" time="19.922" classname="Test Cases/New Test Case - calamar - Copy (3)" status="PASSED">
         <system-out><![CDATA[2023-02-14 19:25:03 - [TEST_CASE][PASSED] - Test Cases/New Test Case - calamar - Copy (3): Test Cases/New Test Case - calamar - Copy (3)

2023-02-14 19:25:03 - [TEST_STEP][PASSED] - openBrowser(""): Browser is opened with url: ''

2023-02-14 19:25:03 - [MESSAGE][INFO] - Starting 'Chrome' driver

2023-02-14 19:25:03 - [MESSAGE][INFO] - Action delay is set to 0 milliseconds

2023-02-14 19:25:06 - [MESSAGE][PASSED] - Browser is opened with url: ''

2023-02-14 19:25:06 - [TEST_STEP][PASSED] - navigateToUrl("https://compucalitv.org/"): Navigate to 'https://compucalitv.org/' successfully

2023-02-14 19:25:15 - [MESSAGE][PASSED] - Navigate to 'https://compucalitv.org/' successfully

2023-02-14 19:25:15 - [TEST_STEP][PASSED] - click(findTestObject("Object Repository/Page_CompucaliTV  Ocio y Entretenimiento/a_Pelculas")): Object: 'Object Repository/Page_CompucaliTV  Ocio y Entretenimiento/a_Pelculas' is clicked on

2023-02-14 19:25:22 - [MESSAGE][PASSED] - Object: 'Object Repository/Page_CompucaliTV  Ocio y Entretenimiento/a_Pelculas' is clicked on

2023-02-14 19:25:22 - [TEST_STEP][PASSED] - closeBrowser(): Browser is closed

2023-02-14 19:25:23 - [MESSAGE][PASSED] - Browser is closed]]></system-out>
         <system-err><![CDATA[]]></system-err>
      </testcase>
      <testcase name="Test Cases/New Test Case - calamar - Copy (4)" time="23.888" classname="Test Cases/New Test Case - calamar - Copy (4)" status="PASSED">
         <system-out><![CDATA[2023-02-14 19:25:23 - [TEST_CASE][PASSED] - Test Cases/New Test Case - calamar - Copy (4): Test Cases/New Test Case - calamar - Copy (4)

2023-02-14 19:25:23 - [TEST_STEP][PASSED] - openBrowser(""): Browser is opened with url: ''

2023-02-14 19:25:23 - [MESSAGE][INFO] - Starting 'Chrome' driver

2023-02-14 19:25:23 - [MESSAGE][INFO] - Action delay is set to 0 milliseconds

2023-02-14 19:25:25 - [MESSAGE][PASSED] - Browser is opened with url: ''

2023-02-14 19:25:25 - [TEST_STEP][PASSED] - navigateToUrl("https://compucalitv.org/"): Navigate to 'https://compucalitv.org/' successfully

2023-02-14 19:25:36 - [MESSAGE][PASSED] - Navigate to 'https://compucalitv.org/' successfully

2023-02-14 19:25:36 - [TEST_STEP][PASSED] - click(findTestObject("Object Repository/Page_CompucaliTV  Ocio y Entretenimiento/a_Pelculas")): Object: 'Object Repository/Page_CompucaliTV  Ocio y Entretenimiento/a_Pelculas' is clicked on

2023-02-14 19:25:46 - [MESSAGE][PASSED] - Object: 'Object Repository/Page_CompucaliTV  Ocio y Entretenimiento/a_Pelculas' is clicked on

2023-02-14 19:25:46 - [TEST_STEP][PASSED] - closeBrowser(): Browser is closed

2023-02-14 19:25:47 - [MESSAGE][PASSED] - Browser is closed]]></system-out>
         <system-err><![CDATA[]]></system-err>
      </testcase>
      <testcase name="Test Cases/New Test Case - calamar - Copy (5)" time="17.544" classname="Test Cases/New Test Case - calamar - Copy (5)" status="PASSED">
         <system-out><![CDATA[2023-02-14 19:25:47 - [TEST_CASE][PASSED] - Test Cases/New Test Case - calamar - Copy (5): Test Cases/New Test Case - calamar - Copy (5)

2023-02-14 19:25:47 - [TEST_STEP][PASSED] - openBrowser(""): Browser is opened with url: ''

2023-02-14 19:25:47 - [MESSAGE][INFO] - Starting 'Chrome' driver

2023-02-14 19:25:47 - [MESSAGE][INFO] - Action delay is set to 0 milliseconds

2023-02-14 19:25:50 - [MESSAGE][PASSED] - Browser is opened with url: ''

2023-02-14 19:25:50 - [TEST_STEP][PASSED] - navigateToUrl("https://compucalitv.org/"): Navigate to 'https://compucalitv.org/' successfully

2023-02-14 19:25:57 - [MESSAGE][PASSED] - Navigate to 'https://compucalitv.org/' successfully

2023-02-14 19:25:57 - [TEST_STEP][PASSED] - click(findTestObject("Object Repository/Page_CompucaliTV  Ocio y Entretenimiento/a_Pelculas")): Object: 'Object Repository/Page_CompucaliTV  Ocio y Entretenimiento/a_Pelculas' is clicked on

2023-02-14 19:26:03 - [MESSAGE][PASSED] - Object: 'Object Repository/Page_CompucaliTV  Ocio y Entretenimiento/a_Pelculas' is clicked on

2023-02-14 19:26:03 - [TEST_STEP][PASSED] - closeBrowser(): Browser is closed

2023-02-14 19:26:04 - [MESSAGE][PASSED] - Browser is closed]]></system-out>
         <system-err><![CDATA[]]></system-err>
      </testcase>
      <testcase name="Test Cases/New Test Case - calamar - Copy (6)" time="44.08" classname="Test Cases/New Test Case - calamar - Copy (6)" status="PASSED">
         <system-out><![CDATA[2023-02-14 19:26:04 - [TEST_CASE][PASSED] - Test Cases/New Test Case - calamar - Copy (6): Test Cases/New Test Case - calamar - Copy (6)

2023-02-14 19:26:05 - [TEST_STEP][PASSED] - openBrowser(""): Browser is opened with url: ''

2023-02-14 19:26:05 - [MESSAGE][INFO] - Starting 'Chrome' driver

2023-02-14 19:26:05 - [MESSAGE][INFO] - Action delay is set to 0 milliseconds

2023-02-14 19:26:08 - [MESSAGE][PASSED] - Browser is opened with url: ''

2023-02-14 19:26:08 - [TEST_STEP][PASSED] - navigateToUrl("https://compucalitv.org/"): Navigate to 'https://compucalitv.org/' successfully

2023-02-14 19:26:26 - [MESSAGE][PASSED] - Navigate to 'https://compucalitv.org/' successfully

2023-02-14 19:26:26 - [TEST_STEP][PASSED] - click(findTestObject("Object Repository/Page_CompucaliTV  Ocio y Entretenimiento/a_Pelculas")): Object: 'Object Repository/Page_CompucaliTV  Ocio y Entretenimiento/a_Pelculas' is clicked on

2023-02-14 19:26:47 - [MESSAGE][PASSED] - Object: 'Object Repository/Page_CompucaliTV  Ocio y Entretenimiento/a_Pelculas' is clicked on

2023-02-14 19:26:47 - [TEST_STEP][PASSED] - closeBrowser(): Browser is closed

2023-02-14 19:26:48 - [MESSAGE][PASSED] - Browser is closed]]></system-out>
         <system-err><![CDATA[]]></system-err>
      </testcase>
      <testcase name="Test Cases/New Test Case - calamar - Copy (7)" time="21.747" classname="Test Cases/New Test Case - calamar - Copy (7)" status="PASSED">
         <system-out><![CDATA[2023-02-14 19:26:48 - [TEST_CASE][PASSED] - Test Cases/New Test Case - calamar - Copy (7): Test Cases/New Test Case - calamar - Copy (7)

2023-02-14 19:26:49 - [TEST_STEP][PASSED] - openBrowser(""): Browser is opened with url: ''

2023-02-14 19:26:49 - [MESSAGE][INFO] - Starting 'Chrome' driver

2023-02-14 19:26:49 - [MESSAGE][INFO] - Action delay is set to 0 milliseconds

2023-02-14 19:26:51 - [MESSAGE][PASSED] - Browser is opened with url: ''

2023-02-14 19:26:51 - [TEST_STEP][PASSED] - navigateToUrl("https://compucalitv.org/"): Navigate to 'https://compucalitv.org/' successfully

2023-02-14 19:26:58 - [MESSAGE][PASSED] - Navigate to 'https://compucalitv.org/' successfully

2023-02-14 19:26:58 - [TEST_STEP][PASSED] - click(findTestObject("Object Repository/Page_CompucaliTV  Ocio y Entretenimiento/a_Pelculas")): Object: 'Object Repository/Page_CompucaliTV  Ocio y Entretenimiento/a_Pelculas' is clicked on

2023-02-14 19:27:08 - [MESSAGE][PASSED] - Object: 'Object Repository/Page_CompucaliTV  Ocio y Entretenimiento/a_Pelculas' is clicked on

2023-02-14 19:27:08 - [TEST_STEP][PASSED] - closeBrowser(): Browser is closed

2023-02-14 19:27:10 - [MESSAGE][PASSED] - Browser is closed]]></system-out>
         <system-err><![CDATA[]]></system-err>
      </testcase>
      <testcase name="Test Cases/New Test Case - calamar - Copy (8)" time="19.854" classname="Test Cases/New Test Case - calamar - Copy (8)" status="PASSED">
         <system-out><![CDATA[2023-02-14 19:27:10 - [TEST_CASE][PASSED] - Test Cases/New Test Case - calamar - Copy (8): Test Cases/New Test Case - calamar - Copy (8)

2023-02-14 19:27:11 - [TEST_STEP][PASSED] - openBrowser(""): Browser is opened with url: ''

2023-02-14 19:27:11 - [MESSAGE][INFO] - Starting 'Chrome' driver

2023-02-14 19:27:11 - [MESSAGE][INFO] - Action delay is set to 0 milliseconds

2023-02-14 19:27:14 - [MESSAGE][PASSED] - Browser is opened with url: ''

2023-02-14 19:27:14 - [TEST_STEP][PASSED] - navigateToUrl("https://compucalitv.org/"): Navigate to 'https://compucalitv.org/' successfully

2023-02-14 19:27:21 - [MESSAGE][PASSED] - Navigate to 'https://compucalitv.org/' successfully

2023-02-14 19:27:21 - [TEST_STEP][PASSED] - click(findTestObject("Object Repository/Page_CompucaliTV  Ocio y Entretenimiento/a_Pelculas")): Object: 'Object Repository/Page_CompucaliTV  Ocio y Entretenimiento/a_Pelculas' is clicked on

2023-02-14 19:27:29 - [MESSAGE][PASSED] - Object: 'Object Repository/Page_CompucaliTV  Ocio y Entretenimiento/a_Pelculas' is clicked on

2023-02-14 19:27:29 - [TEST_STEP][PASSED] - closeBrowser(): Browser is closed

2023-02-14 19:27:30 - [MESSAGE][PASSED] - Browser is closed]]></system-out>
         <system-err><![CDATA[]]></system-err>
      </testcase>
      <testcase name="Test Cases/New Test Case - calamar - Copy" time="21.178" classname="Test Cases/New Test Case - calamar - Copy" status="PASSED">
         <system-out><![CDATA[2023-02-14 19:27:30 - [TEST_CASE][PASSED] - Test Cases/New Test Case - calamar - Copy: Test Cases/New Test Case - calamar - Copy

2023-02-14 19:27:31 - [TEST_STEP][PASSED] - openBrowser(""): Browser is opened with url: ''

2023-02-14 19:27:31 - [MESSAGE][INFO] - Starting 'Chrome' driver

2023-02-14 19:27:31 - [MESSAGE][INFO] - Action delay is set to 0 milliseconds

2023-02-14 19:27:33 - [MESSAGE][PASSED] - Browser is opened with url: ''

2023-02-14 19:27:33 - [TEST_STEP][PASSED] - navigateToUrl("https://compucalitv.org/"): Navigate to 'https://compucalitv.org/' successfully

2023-02-14 19:27:40 - [MESSAGE][PASSED] - Navigate to 'https://compucalitv.org/' successfully

2023-02-14 19:27:40 - [TEST_STEP][PASSED] - click(findTestObject("Object Repository/Page_CompucaliTV  Ocio y Entretenimiento/a_Pelculas")): Object: 'Object Repository/Page_CompucaliTV  Ocio y Entretenimiento/a_Pelculas' is clicked on

2023-02-14 19:27:49 - [MESSAGE][PASSED] - Object: 'Object Repository/Page_CompucaliTV  Ocio y Entretenimiento/a_Pelculas' is clicked on

2023-02-14 19:27:49 - [TEST_STEP][PASSED] - closeBrowser(): Browser is closed

2023-02-14 19:27:51 - [MESSAGE][PASSED] - Browser is closed]]></system-out>
         <system-err><![CDATA[]]></system-err>
      </testcase>
      <testcase name="Test Cases/New Test Case - calamar" time="28.055" classname="Test Cases/New Test Case - calamar" status="PASSED">
         <system-out><![CDATA[2023-02-14 19:27:51 - [TEST_CASE][PASSED] - Test Cases/New Test Case - calamar: Test Cases/New Test Case - calamar

2023-02-14 19:27:52 - [TEST_STEP][PASSED] - openBrowser(""): Browser is opened with url: ''

2023-02-14 19:27:52 - [MESSAGE][INFO] - Starting 'Chrome' driver

2023-02-14 19:27:52 - [MESSAGE][INFO] - Action delay is set to 0 milliseconds

2023-02-14 19:27:54 - [MESSAGE][PASSED] - Browser is opened with url: ''

2023-02-14 19:27:54 - [TEST_STEP][PASSED] - navigateToUrl("https://compucalitv.org/"): Navigate to 'https://compucalitv.org/' successfully

2023-02-14 19:28:05 - [MESSAGE][PASSED] - Navigate to 'https://compucalitv.org/' successfully

2023-02-14 19:28:05 - [TEST_STEP][PASSED] - click(findTestObject("Object Repository/Page_CompucaliTV  Ocio y Entretenimiento/a_Pelculas")): Object: 'Object Repository/Page_CompucaliTV  Ocio y Entretenimiento/a_Pelculas' is clicked on

2023-02-14 19:28:18 - [MESSAGE][PASSED] - Object: 'Object Repository/Page_CompucaliTV  Ocio y Entretenimiento/a_Pelculas' is clicked on

2023-02-14 19:28:18 - [TEST_STEP][PASSED] - closeBrowser(): Browser is closed

2023-02-14 19:28:19 - [MESSAGE][PASSED] - Browser is closed]]></system-out>
         <system-err><![CDATA[]]></system-err>
      </testcase>
      <testcase name="Test Cases/New Test Case- compucalitv - Copy (1) - Copy" time="19.621" classname="Test Cases/New Test Case- compucalitv - Copy (1) - Copy" status="PASSED">
         <system-out><![CDATA[2023-02-14 19:28:19 - [TEST_CASE][PASSED] - Test Cases/New Test Case- compucalitv - Copy (1) - Copy: Test Cases/New Test Case- compucalitv - Copy (1) - Copy

2023-02-14 19:28:20 - [TEST_STEP][PASSED] - openBrowser(""): Browser is opened with url: ''

2023-02-14 19:28:20 - [MESSAGE][INFO] - Starting 'Chrome' driver

2023-02-14 19:28:20 - [MESSAGE][INFO] - Action delay is set to 0 milliseconds

2023-02-14 19:28:22 - [MESSAGE][PASSED] - Browser is opened with url: ''

2023-02-14 19:28:22 - [TEST_STEP][PASSED] - navigateToUrl("https://www.google.com/"): Navigate to 'https://www.google.com/' successfully

2023-02-14 19:28:28 - [MESSAGE][PASSED] - Navigate to 'https://www.google.com/' successfully

2023-02-14 19:28:28 - [TEST_STEP][PASSED] - setText(findTestObject("Object Repository/Page_Google/input__q"), "cines unidos"): Text 'cines unidos' is set on object 'Object Repository/Page_Google/input__q'

2023-02-14 19:28:29 - [MESSAGE][PASSED] - Text 'cines unidos' is set on object 'Object Repository/Page_Google/input__q'

2023-02-14 19:28:29 - [TEST_STEP][PASSED] - sendKeys(findTestObject("Object Repository/Page_Google/input__q"), Keys.chord(ENTER)): Keys 'ENTER + ' sent to object: 'Object Repository/Page_Google/input__q'

2023-02-14 19:28:38 - [MESSAGE][PASSED] - Keys 'ENTER + ' sent to object: 'Object Repository/Page_Google/input__q'

2023-02-14 19:28:38 - [TEST_STEP][PASSED] - closeBrowser(): Browser is closed

2023-02-14 19:28:39 - [MESSAGE][PASSED] - Browser is closed]]></system-out>
         <system-err><![CDATA[]]></system-err>
      </testcase>
      <testcase name="Test Cases/New Test Case- compucalitv - Copy (1)" time="21.455" classname="Test Cases/New Test Case- compucalitv - Copy (1)" status="PASSED">
         <system-out><![CDATA[2023-02-14 19:28:39 - [TEST_CASE][PASSED] - Test Cases/New Test Case- compucalitv - Copy (1): Test Cases/New Test Case- compucalitv - Copy (1)

2023-02-14 19:28:40 - [TEST_STEP][PASSED] - openBrowser(""): Browser is opened with url: ''

2023-02-14 19:28:40 - [MESSAGE][INFO] - Starting 'Chrome' driver

2023-02-14 19:28:40 - [MESSAGE][INFO] - Action delay is set to 0 milliseconds

2023-02-14 19:28:41 - [MESSAGE][PASSED] - Browser is opened with url: ''

2023-02-14 19:28:41 - [TEST_STEP][PASSED] - navigateToUrl("https://www.google.com/"): Navigate to 'https://www.google.com/' successfully

2023-02-14 19:28:47 - [MESSAGE][PASSED] - Navigate to 'https://www.google.com/' successfully

2023-02-14 19:28:47 - [TEST_STEP][PASSED] - setText(findTestObject("Object Repository/Page_Google/input__q"), "cines unidos"): Text 'cines unidos' is set on object 'Object Repository/Page_Google/input__q'

2023-02-14 19:28:48 - [MESSAGE][PASSED] - Text 'cines unidos' is set on object 'Object Repository/Page_Google/input__q'

2023-02-14 19:28:48 - [TEST_STEP][PASSED] - sendKeys(findTestObject("Object Repository/Page_Google/input__q"), Keys.chord(ENTER)): Keys 'ENTER + ' sent to object: 'Object Repository/Page_Google/input__q'

2023-02-14 19:28:59 - [MESSAGE][PASSED] - Keys 'ENTER + ' sent to object: 'Object Repository/Page_Google/input__q'

2023-02-14 19:28:59 - [TEST_STEP][PASSED] - closeBrowser(): Browser is closed

2023-02-14 19:29:00 - [MESSAGE][PASSED] - Browser is closed]]></system-out>
         <system-err><![CDATA[]]></system-err>
      </testcase>
      <testcase name="Test Cases/New Test Case- compucalitv - Copy (10) - Copy" time="17.637" classname="Test Cases/New Test Case- compucalitv - Copy (10) - Copy" status="PASSED">
         <system-out><![CDATA[2023-02-14 19:29:00 - [TEST_CASE][PASSED] - Test Cases/New Test Case- compucalitv - Copy (10) - Copy: Test Cases/New Test Case- compucalitv - Copy (10) - Copy

2023-02-14 19:29:01 - [TEST_STEP][PASSED] - openBrowser(""): Browser is opened with url: ''

2023-02-14 19:29:01 - [MESSAGE][INFO] - Starting 'Chrome' driver

2023-02-14 19:29:01 - [MESSAGE][INFO] - Action delay is set to 0 milliseconds

2023-02-14 19:29:02 - [MESSAGE][PASSED] - Browser is opened with url: ''

2023-02-14 19:29:02 - [TEST_STEP][PASSED] - navigateToUrl("https://www.google.com/"): Navigate to 'https://www.google.com/' successfully

2023-02-14 19:29:07 - [MESSAGE][PASSED] - Navigate to 'https://www.google.com/' successfully

2023-02-14 19:29:07 - [TEST_STEP][PASSED] - setText(findTestObject("Object Repository/Page_Google/input__q"), "cines unidos"): Text 'cines unidos' is set on object 'Object Repository/Page_Google/input__q'

2023-02-14 19:29:08 - [MESSAGE][PASSED] - Text 'cines unidos' is set on object 'Object Repository/Page_Google/input__q'

2023-02-14 19:29:08 - [TEST_STEP][PASSED] - sendKeys(findTestObject("Object Repository/Page_Google/input__q"), Keys.chord(ENTER)): Keys 'ENTER + ' sent to object: 'Object Repository/Page_Google/input__q'

2023-02-14 19:29:17 - [MESSAGE][PASSED] - Keys 'ENTER + ' sent to object: 'Object Repository/Page_Google/input__q'

2023-02-14 19:29:17 - [TEST_STEP][PASSED] - closeBrowser(): Browser is closed

2023-02-14 19:29:18 - [MESSAGE][PASSED] - Browser is closed]]></system-out>
         <system-err><![CDATA[]]></system-err>
      </testcase>
      <testcase name="Test Cases/New Test Case- compucalitv - Copy (10)" time="18.341" classname="Test Cases/New Test Case- compucalitv - Copy (10)" status="PASSED">
         <system-out><![CDATA[2023-02-14 19:29:18 - [TEST_CASE][PASSED] - Test Cases/New Test Case- compucalitv - Copy (10): Test Cases/New Test Case- compucalitv - Copy (10)

2023-02-14 19:29:18 - [TEST_STEP][PASSED] - openBrowser(""): Browser is opened with url: ''

2023-02-14 19:29:18 - [MESSAGE][INFO] - Starting 'Chrome' driver

2023-02-14 19:29:18 - [MESSAGE][INFO] - Action delay is set to 0 milliseconds

2023-02-14 19:29:20 - [MESSAGE][PASSED] - Browser is opened with url: ''

2023-02-14 19:29:20 - [TEST_STEP][PASSED] - navigateToUrl("https://www.google.com/"): Navigate to 'https://www.google.com/' successfully

2023-02-14 19:29:28 - [MESSAGE][PASSED] - Navigate to 'https://www.google.com/' successfully

2023-02-14 19:29:28 - [TEST_STEP][PASSED] - setText(findTestObject("Object Repository/Page_Google/input__q"), "cines unidos"): Text 'cines unidos' is set on object 'Object Repository/Page_Google/input__q'

2023-02-14 19:29:28 - [MESSAGE][PASSED] - Text 'cines unidos' is set on object 'Object Repository/Page_Google/input__q'

2023-02-14 19:29:28 - [TEST_STEP][PASSED] - sendKeys(findTestObject("Object Repository/Page_Google/input__q"), Keys.chord(ENTER)): Keys 'ENTER + ' sent to object: 'Object Repository/Page_Google/input__q'

2023-02-14 19:29:35 - [MESSAGE][PASSED] - Keys 'ENTER + ' sent to object: 'Object Repository/Page_Google/input__q'

2023-02-14 19:29:35 - [TEST_STEP][PASSED] - closeBrowser(): Browser is closed

2023-02-14 19:29:36 - [MESSAGE][PASSED] - Browser is closed]]></system-out>
         <system-err><![CDATA[]]></system-err>
      </testcase>
      <testcase name="Test Cases/New Test Case- compucalitv - Copy (11) - Copy" time="14.35" classname="Test Cases/New Test Case- compucalitv - Copy (11) - Copy" status="PASSED">
         <system-out><![CDATA[2023-02-14 19:29:36 - [TEST_CASE][PASSED] - Test Cases/New Test Case- compucalitv - Copy (11) - Copy: Test Cases/New Test Case- compucalitv - Copy (11) - Copy

2023-02-14 19:29:37 - [TEST_STEP][PASSED] - openBrowser(""): Browser is opened with url: ''

2023-02-14 19:29:37 - [MESSAGE][INFO] - Starting 'Chrome' driver

2023-02-14 19:29:37 - [MESSAGE][INFO] - Action delay is set to 0 milliseconds

2023-02-14 19:29:38 - [MESSAGE][PASSED] - Browser is opened with url: ''

2023-02-14 19:29:38 - [TEST_STEP][PASSED] - navigateToUrl("https://www.google.com/"): Navigate to 'https://www.google.com/' successfully

2023-02-14 19:29:43 - [MESSAGE][PASSED] - Navigate to 'https://www.google.com/' successfully

2023-02-14 19:29:43 - [TEST_STEP][PASSED] - setText(findTestObject("Object Repository/Page_Google/input__q"), "cines unidos"): Text 'cines unidos' is set on object 'Object Repository/Page_Google/input__q'

2023-02-14 19:29:44 - [MESSAGE][PASSED] - Text 'cines unidos' is set on object 'Object Repository/Page_Google/input__q'

2023-02-14 19:29:44 - [TEST_STEP][PASSED] - sendKeys(findTestObject("Object Repository/Page_Google/input__q"), Keys.chord(ENTER)): Keys 'ENTER + ' sent to object: 'Object Repository/Page_Google/input__q'

2023-02-14 19:29:49 - [MESSAGE][PASSED] - Keys 'ENTER + ' sent to object: 'Object Repository/Page_Google/input__q'

2023-02-14 19:29:49 - [TEST_STEP][PASSED] - closeBrowser(): Browser is closed

2023-02-14 19:29:51 - [MESSAGE][PASSED] - Browser is closed]]></system-out>
         <system-err><![CDATA[]]></system-err>
      </testcase>
      <testcase name="Test Cases/New Test Case- compucalitv - Copy (11)" time="12.299" classname="Test Cases/New Test Case- compucalitv - Copy (11)" status="PASSED">
         <system-out><![CDATA[2023-02-14 19:29:51 - [TEST_CASE][PASSED] - Test Cases/New Test Case- compucalitv - Copy (11): Test Cases/New Test Case- compucalitv - Copy (11)

2023-02-14 19:29:51 - [TEST_STEP][PASSED] - openBrowser(""): Browser is opened with url: ''

2023-02-14 19:29:51 - [MESSAGE][INFO] - Starting 'Chrome' driver

2023-02-14 19:29:51 - [MESSAGE][INFO] - Action delay is set to 0 milliseconds

2023-02-14 19:29:53 - [MESSAGE][PASSED] - Browser is opened with url: ''

2023-02-14 19:29:53 - [TEST_STEP][PASSED] - navigateToUrl("https://www.google.com/"): Navigate to 'https://www.google.com/' successfully

2023-02-14 19:29:56 - [MESSAGE][PASSED] - Navigate to 'https://www.google.com/' successfully

2023-02-14 19:29:56 - [TEST_STEP][PASSED] - setText(findTestObject("Object Repository/Page_Google/input__q"), "cines unidos"): Text 'cines unidos' is set on object 'Object Repository/Page_Google/input__q'

2023-02-14 19:29:56 - [MESSAGE][PASSED] - Text 'cines unidos' is set on object 'Object Repository/Page_Google/input__q'

2023-02-14 19:29:56 - [TEST_STEP][PASSED] - sendKeys(findTestObject("Object Repository/Page_Google/input__q"), Keys.chord(ENTER)): Keys 'ENTER + ' sent to object: 'Object Repository/Page_Google/input__q'

2023-02-14 19:30:02 - [MESSAGE][PASSED] - Keys 'ENTER + ' sent to object: 'Object Repository/Page_Google/input__q'

2023-02-14 19:30:02 - [TEST_STEP][PASSED] - closeBrowser(): Browser is closed

2023-02-14 19:30:03 - [MESSAGE][PASSED] - Browser is closed]]></system-out>
         <system-err><![CDATA[]]></system-err>
      </testcase>
      <testcase name="Test Cases/New Test Case- compucalitv - Copy (12) - Copy" time="12.631" classname="Test Cases/New Test Case- compucalitv - Copy (12) - Copy" status="PASSED">
         <system-out><![CDATA[2023-02-14 19:30:03 - [TEST_CASE][PASSED] - Test Cases/New Test Case- compucalitv - Copy (12) - Copy: Test Cases/New Test Case- compucalitv - Copy (12) - Copy

2023-02-14 19:30:04 - [TEST_STEP][PASSED] - openBrowser(""): Browser is opened with url: ''

2023-02-14 19:30:04 - [MESSAGE][INFO] - Starting 'Chrome' driver

2023-02-14 19:30:04 - [MESSAGE][INFO] - Action delay is set to 0 milliseconds

2023-02-14 19:30:05 - [MESSAGE][PASSED] - Browser is opened with url: ''

2023-02-14 19:30:05 - [TEST_STEP][PASSED] - navigateToUrl("https://www.google.com/"): Navigate to 'https://www.google.com/' successfully

2023-02-14 19:30:08 - [MESSAGE][PASSED] - Navigate to 'https://www.google.com/' successfully

2023-02-14 19:30:08 - [TEST_STEP][PASSED] - setText(findTestObject("Object Repository/Page_Google/input__q"), "cines unidos"): Text 'cines unidos' is set on object 'Object Repository/Page_Google/input__q'

2023-02-14 19:30:09 - [MESSAGE][PASSED] - Text 'cines unidos' is set on object 'Object Repository/Page_Google/input__q'

2023-02-14 19:30:09 - [TEST_STEP][PASSED] - sendKeys(findTestObject("Object Repository/Page_Google/input__q"), Keys.chord(ENTER)): Keys 'ENTER + ' sent to object: 'Object Repository/Page_Google/input__q'

2023-02-14 19:30:15 - [MESSAGE][PASSED] - Keys 'ENTER + ' sent to object: 'Object Repository/Page_Google/input__q'

2023-02-14 19:30:15 - [TEST_STEP][PASSED] - closeBrowser(): Browser is closed

2023-02-14 19:30:16 - [MESSAGE][PASSED] - Browser is closed]]></system-out>
         <system-err><![CDATA[]]></system-err>
      </testcase>
      <testcase name="Test Cases/New Test Case- compucalitv - Copy (12)" time="16.292" classname="Test Cases/New Test Case- compucalitv - Copy (12)" status="PASSED">
         <system-out><![CDATA[2023-02-14 19:30:16 - [TEST_CASE][PASSED] - Test Cases/New Test Case- compucalitv - Copy (12): Test Cases/New Test Case- compucalitv - Copy (12)

2023-02-14 19:30:16 - [TEST_STEP][PASSED] - openBrowser(""): Browser is opened with url: ''

2023-02-14 19:30:16 - [MESSAGE][INFO] - Starting 'Chrome' driver

2023-02-14 19:30:16 - [MESSAGE][INFO] - Action delay is set to 0 milliseconds

2023-02-14 19:30:18 - [MESSAGE][PASSED] - Browser is opened with url: ''

2023-02-14 19:30:18 - [TEST_STEP][PASSED] - navigateToUrl("https://www.google.com/"): Navigate to 'https://www.google.com/' successfully

2023-02-14 19:30:23 - [MESSAGE][PASSED] - Navigate to 'https://www.google.com/' successfully

2023-02-14 19:30:23 - [TEST_STEP][PASSED] - setText(findTestObject("Object Repository/Page_Google/input__q"), "cines unidos"): Text 'cines unidos' is set on object 'Object Repository/Page_Google/input__q'

2023-02-14 19:30:24 - [MESSAGE][PASSED] - Text 'cines unidos' is set on object 'Object Repository/Page_Google/input__q'

2023-02-14 19:30:24 - [TEST_STEP][PASSED] - sendKeys(findTestObject("Object Repository/Page_Google/input__q"), Keys.chord(ENTER)): Keys 'ENTER + ' sent to object: 'Object Repository/Page_Google/input__q'

2023-02-14 19:30:31 - [MESSAGE][PASSED] - Keys 'ENTER + ' sent to object: 'Object Repository/Page_Google/input__q'

2023-02-14 19:30:31 - [TEST_STEP][PASSED] - closeBrowser(): Browser is closed

2023-02-14 19:30:32 - [MESSAGE][PASSED] - Browser is closed]]></system-out>
         <system-err><![CDATA[]]></system-err>
      </testcase>
      <testcase name="Test Cases/New Test Case- compucalitv - Copy (13) - Copy" time="13.945" classname="Test Cases/New Test Case- compucalitv - Copy (13) - Copy" status="PASSED">
         <system-out><![CDATA[2023-02-14 19:30:32 - [TEST_CASE][PASSED] - Test Cases/New Test Case- compucalitv - Copy (13) - Copy: Test Cases/New Test Case- compucalitv - Copy (13) - Copy

2023-02-14 19:30:32 - [TEST_STEP][PASSED] - openBrowser(""): Browser is opened with url: ''

2023-02-14 19:30:32 - [MESSAGE][INFO] - Starting 'Chrome' driver

2023-02-14 19:30:32 - [MESSAGE][INFO] - Action delay is set to 0 milliseconds

2023-02-14 19:30:34 - [MESSAGE][PASSED] - Browser is opened with url: ''

2023-02-14 19:30:34 - [TEST_STEP][PASSED] - navigateToUrl("https://www.google.com/"): Navigate to 'https://www.google.com/' successfully

2023-02-14 19:30:37 - [MESSAGE][PASSED] - Navigate to 'https://www.google.com/' successfully

2023-02-14 19:30:37 - [TEST_STEP][PASSED] - setText(findTestObject("Object Repository/Page_Google/input__q"), "cines unidos"): Text 'cines unidos' is set on object 'Object Repository/Page_Google/input__q'

2023-02-14 19:30:38 - [MESSAGE][PASSED] - Text 'cines unidos' is set on object 'Object Repository/Page_Google/input__q'

2023-02-14 19:30:38 - [TEST_STEP][PASSED] - sendKeys(findTestObject("Object Repository/Page_Google/input__q"), Keys.chord(ENTER)): Keys 'ENTER + ' sent to object: 'Object Repository/Page_Google/input__q'

2023-02-14 19:30:45 - [MESSAGE][PASSED] - Keys 'ENTER + ' sent to object: 'Object Repository/Page_Google/input__q'

2023-02-14 19:30:45 - [TEST_STEP][PASSED] - closeBrowser(): Browser is closed

2023-02-14 19:30:46 - [MESSAGE][PASSED] - Browser is closed]]></system-out>
         <system-err><![CDATA[]]></system-err>
      </testcase>
      <testcase name="Test Cases/New Test Case- compucalitv - Copy (13)" time="18.552" classname="Test Cases/New Test Case- compucalitv - Copy (13)" status="PASSED">
         <system-out><![CDATA[2023-02-14 19:30:46 - [TEST_CASE][PASSED] - Test Cases/New Test Case- compucalitv - Copy (13): Test Cases/New Test Case- compucalitv - Copy (13)

2023-02-14 19:30:46 - [TEST_STEP][PASSED] - openBrowser(""): Browser is opened with url: ''

2023-02-14 19:30:46 - [MESSAGE][INFO] - Starting 'Chrome' driver

2023-02-14 19:30:46 - [MESSAGE][INFO] - Action delay is set to 0 milliseconds

2023-02-14 19:30:49 - [MESSAGE][PASSED] - Browser is opened with url: ''

2023-02-14 19:30:49 - [TEST_STEP][PASSED] - navigateToUrl("https://www.google.com/"): Navigate to 'https://www.google.com/' successfully

2023-02-14 19:30:53 - [MESSAGE][PASSED] - Navigate to 'https://www.google.com/' successfully

2023-02-14 19:30:53 - [TEST_STEP][PASSED] - setText(findTestObject("Object Repository/Page_Google/input__q"), "cines unidos"): Text 'cines unidos' is set on object 'Object Repository/Page_Google/input__q'

2023-02-14 19:30:54 - [MESSAGE][PASSED] - Text 'cines unidos' is set on object 'Object Repository/Page_Google/input__q'

2023-02-14 19:30:54 - [TEST_STEP][PASSED] - sendKeys(findTestObject("Object Repository/Page_Google/input__q"), Keys.chord(ENTER)): Keys 'ENTER + ' sent to object: 'Object Repository/Page_Google/input__q'

2023-02-14 19:31:04 - [MESSAGE][PASSED] - Keys 'ENTER + ' sent to object: 'Object Repository/Page_Google/input__q'

2023-02-14 19:31:04 - [TEST_STEP][PASSED] - closeBrowser(): Browser is closed

2023-02-14 19:31:04 - [MESSAGE][PASSED] - Browser is closed]]></system-out>
         <system-err><![CDATA[]]></system-err>
      </testcase>
      <system-out><![CDATA[2023-02-14 19:24:26 - [TEST_SUITE][PASSED] - Test Suite del chungu 1: Test Cases/New Test Case- compucalitv - Copy (13)]]></system-out>
      <system-err><![CDATA[]]></system-err>
   </testsuite>
</testsuites>
