<?xml version="1.0" encoding="UTF-8"?>
<testsuites name="New Test Suite Collection uno angelito" time="201.577" tests="2" failures="0" errors="0">
   <testsuite name="New Test Suite pulpito repetido - Copy (15)" tests="1" failures="0" errors="0" time="111.284" skipped="0" timestamp="2023-02-16 15:21:49" hostname="hexas - DESKTOP-C94ONF5" id="Test Suites/New Test Suite pulpito repetido - Copy (15)">
      <properties>
         <property name="deviceName" value=""/>
         <property name="devicePlatform" value=""/>
         <property name="logFolder" value="C:\\Users\\hexas\\git\\chungu\\Reports\\20230216_152136\\New Test Suite pulpito repetido - Copy (15)\\20230216_152137"/>
         <property name="logFiles" value="C:\\Users\\hexas\\git\\chungu\\Reports\\20230216_152136\\New Test Suite pulpito repetido - Copy (15)\\20230216_152137\\execution0.log"/>
         <property name="attachments" value=""/>
         <property name="hostName" value="hexas - DESKTOP-C94ONF5"/>
         <property name="os" value="Windows 10 64bit"/>
         <property name="katalonVersion" value="8.5.5.208"/>
         <property name="browser" value="Chrome 110.0.0.0"/>
         <property name="hostAddress" value="192.168.2.7"/>
         <property name="sessionId" value="8bb987fef0344a9090f8a54a230028c8"/>
         <property name="seleniumVersion" value="3.141.59"/>
         <property name="proxyInformation" value="ProxyInformation { proxyOption=NO_PROXY, proxyServerType=HTTP, username=, password=********, proxyServerAddress=, proxyServerPort=0, executionList=&quot;&quot;, isApplyToDesiredCapabilities=true }"/>
         <property name="platform" value="Windows 10"/>
      </properties>
      <testcase name="Test Cases/Test como crear un pulpito - Copy (6)" time="109.11" classname="Test Cases/Test como crear un pulpito - Copy (6)" status="PASSED">
         <system-out><![CDATA[2023-02-16 15:21:51 - [TEST_CASE][PASSED] - Test Cases/Test como crear un pulpito - Copy (6): Test Cases/Test como crear un pulpito - Copy (6)

2023-02-16 15:21:55 - [TEST_STEP][PASSED] - openBrowser(""): Browser is opened with url: ''

2023-02-16 15:21:56 - [MESSAGE][INFO] - Starting 'Chrome' driver

2023-02-16 15:21:57 - [MESSAGE][INFO] - Action delay is set to 0 milliseconds

2023-02-16 15:22:06 - [MESSAGE][PASSED] - Browser is opened with url: ''

2023-02-16 15:22:06 - [TEST_STEP][PASSED] - navigateToUrl("https://www.google.com/"): Navigate to 'https://www.google.com/' successfully

2023-02-16 15:22:11 - [MESSAGE][PASSED] - Navigate to 'https://www.google.com/' successfully

2023-02-16 15:22:11 - [TEST_STEP][PASSED] - setText(findTestObject("Object Repository/Page_Google/input__q (1)"), "como hacer un pulpito"): Text 'como hacer un pulpito' is set on object 'Object Repository/Page_Google/input__q (1)'

2023-02-16 15:22:18 - [MESSAGE][PASSED] - Text 'como hacer un pulpito' is set on object 'Object Repository/Page_Google/input__q (1)'

2023-02-16 15:22:18 - [TEST_STEP][PASSED] - sendKeys(findTestObject("Object Repository/Page_Google/input__q (1)"), Keys.chord(ENTER)): Keys 'ENTER + ' sent to object: 'Object Repository/Page_Google/input__q (1)'

2023-02-16 15:23:28 - [MESSAGE][PASSED] - Keys 'ENTER + ' sent to object: 'Object Repository/Page_Google/input__q (1)'

2023-02-16 15:23:28 - [TEST_STEP][PASSED] - closeBrowser(): Browser is closed

2023-02-16 15:23:41 - [MESSAGE][PASSED] - Browser is closed]]></system-out>
         <system-err><![CDATA[]]></system-err>
      </testcase>
      <system-out><![CDATA[2023-02-16 15:21:49 - [TEST_SUITE][PASSED] - New Test Suite pulpito repetido - Copy (15): Test Cases/Test como crear un pulpito - Copy (6)]]></system-out>
      <system-err><![CDATA[]]></system-err>
   </testsuite>
   <testsuite name="New Test Suite pulpito repetido - Copy (16)" tests="1" failures="0" errors="0" time="64.932" skipped="0" timestamp="2023-02-16 15:23:56" hostname="hexas - DESKTOP-C94ONF5" id="Test Suites/New Test Suite pulpito repetido - Copy (16)">
      <properties>
         <property name="deviceName" value=""/>
         <property name="devicePlatform" value=""/>
         <property name="logFolder" value="C:\\Users\\hexas\\git\\chungu\\Reports\\20230216_152136\\New Test Suite pulpito repetido - Copy (16)\\20230216_152139"/>
         <property name="logFiles" value="C:\\Users\\hexas\\git\\chungu\\Reports\\20230216_152136\\New Test Suite pulpito repetido - Copy (16)\\20230216_152139\\execution0.log"/>
         <property name="attachments" value=""/>
         <property name="hostName" value="hexas - DESKTOP-C94ONF5"/>
         <property name="os" value="Windows 10 64bit"/>
         <property name="katalonVersion" value="8.5.5.208"/>
         <property name="browser" value="Chrome 110.0.0.0"/>
         <property name="hostAddress" value="192.168.2.7"/>
         <property name="sessionId" value="173e90eabe2071718df838a5501f76a8"/>
         <property name="seleniumVersion" value="3.141.59"/>
         <property name="proxyInformation" value="ProxyInformation { proxyOption=NO_PROXY, proxyServerType=HTTP, username=, password=********, proxyServerAddress=, proxyServerPort=0, executionList=&quot;&quot;, isApplyToDesiredCapabilities=true }"/>
         <property name="platform" value="Windows 10"/>
      </properties>
      <testcase name="Test Cases/Test como crear un pulpito - Copy (3)" time="62.76" classname="Test Cases/Test como crear un pulpito - Copy (3)" status="PASSED">
         <system-out><![CDATA[2023-02-16 15:23:59 - [TEST_CASE][PASSED] - Test Cases/Test como crear un pulpito - Copy (3): Test Cases/Test como crear un pulpito - Copy (3)

2023-02-16 15:24:01 - [TEST_STEP][PASSED] - openBrowser(""): Browser is opened with url: ''

2023-02-16 15:24:05 - [MESSAGE][INFO] - Starting 'Chrome' driver

2023-02-16 15:24:05 - [MESSAGE][INFO] - Action delay is set to 0 milliseconds

2023-02-16 15:24:14 - [MESSAGE][PASSED] - Browser is opened with url: ''

2023-02-16 15:24:14 - [TEST_STEP][PASSED] - navigateToUrl("https://www.google.com/"): Navigate to 'https://www.google.com/' successfully

2023-02-16 15:24:20 - [MESSAGE][PASSED] - Navigate to 'https://www.google.com/' successfully

2023-02-16 15:24:20 - [TEST_STEP][PASSED] - setText(findTestObject("Object Repository/Page_Google/input__q (1)"), "como hacer un pulpito"): Text 'como hacer un pulpito' is set on object 'Object Repository/Page_Google/input__q (1)'

2023-02-16 15:24:25 - [MESSAGE][PASSED] - Text 'como hacer un pulpito' is set on object 'Object Repository/Page_Google/input__q (1)'

2023-02-16 15:24:25 - [TEST_STEP][PASSED] - sendKeys(findTestObject("Object Repository/Page_Google/input__q (1)"), Keys.chord(ENTER)): Keys 'ENTER + ' sent to object: 'Object Repository/Page_Google/input__q (1)'

2023-02-16 15:25:00 - [MESSAGE][PASSED] - Keys 'ENTER + ' sent to object: 'Object Repository/Page_Google/input__q (1)'

2023-02-16 15:25:00 - [TEST_STEP][PASSED] - closeBrowser(): Browser is closed

2023-02-16 15:25:01 - [MESSAGE][PASSED] - Browser is closed]]></system-out>
         <system-err><![CDATA[]]></system-err>
      </testcase>
      <system-out><![CDATA[2023-02-16 15:23:56 - [TEST_SUITE][PASSED] - New Test Suite pulpito repetido - Copy (16): Test Cases/Test como crear un pulpito - Copy (3)]]></system-out>
      <system-err><![CDATA[]]></system-err>
   </testsuite>
</testsuites>
