<?xml version="1.0" encoding="UTF-8"?>
<testsuites name="New Test Suite pulpito repetido - Copy (21)" time="52.567" tests="1" failures="0" errors="0">
   <testsuite name="New Test Suite pulpito repetido - Copy (21)" tests="1" failures="0" errors="0" time="52.567" skipped="0" timestamp="2023-02-16 15:24:17" hostname="hexas - DESKTOP-C94ONF5" id="Test Suites/New Test Suite pulpito repetido - Copy (21)">
      <properties>
         <property name="deviceName" value=""/>
         <property name="devicePlatform" value=""/>
         <property name="logFolder" value="C:\\Users\\hexas\\git\\chungu\\Reports\\20230216_152150\\New Test Suite pulpito repetido - Copy (21)\\20230216_152159"/>
         <property name="logFiles" value="C:\\Users\\hexas\\git\\chungu\\Reports\\20230216_152150\\New Test Suite pulpito repetido - Copy (21)\\20230216_152159\\execution0.log"/>
         <property name="attachments" value=""/>
         <property name="hostName" value="hexas - DESKTOP-C94ONF5"/>
         <property name="os" value="Windows 10 64bit"/>
         <property name="katalonVersion" value="8.5.5.208"/>
         <property name="browser" value="Chrome 110.0.0.0"/>
         <property name="hostAddress" value="192.168.2.7"/>
         <property name="sessionId" value="80a483a6926b678b8cbdf4ea787a7159"/>
         <property name="seleniumVersion" value="3.141.59"/>
         <property name="proxyInformation" value="ProxyInformation { proxyOption=NO_PROXY, proxyServerType=HTTP, username=, password=********, proxyServerAddress=, proxyServerPort=0, executionList=&quot;&quot;, isApplyToDesiredCapabilities=true }"/>
         <property name="platform" value="Windows 10"/>
      </properties>
      <testcase name="Test Cases/Test como crear un pulpito - Copy (15)" time="50.805" classname="Test Cases/Test como crear un pulpito - Copy (15)" status="PASSED">
         <system-out><![CDATA[2023-02-16 15:24:19 - [TEST_CASE][PASSED] - Test Cases/Test como crear un pulpito - Copy (15): Test Cases/Test como crear un pulpito - Copy (15)

2023-02-16 15:24:21 - [TEST_STEP][PASSED] - openBrowser(""): Browser is opened with url: ''

2023-02-16 15:24:23 - [MESSAGE][INFO] - Starting 'Chrome' driver

2023-02-16 15:24:24 - [MESSAGE][INFO] - Action delay is set to 0 milliseconds

2023-02-16 15:24:33 - [MESSAGE][PASSED] - Browser is opened with url: ''

2023-02-16 15:24:33 - [TEST_STEP][PASSED] - navigateToUrl("https://www.google.com/"): Navigate to 'https://www.google.com/' successfully

2023-02-16 15:24:47 - [MESSAGE][PASSED] - Navigate to 'https://www.google.com/' successfully

2023-02-16 15:24:47 - [TEST_STEP][PASSED] - setText(findTestObject("Object Repository/Page_Google/input__q (1)"), "como hacer un pulpito"): Text 'como hacer un pulpito' is set on object 'Object Repository/Page_Google/input__q (1)'

2023-02-16 15:24:49 - [MESSAGE][PASSED] - Text 'como hacer un pulpito' is set on object 'Object Repository/Page_Google/input__q (1)'

2023-02-16 15:24:49 - [TEST_STEP][PASSED] - sendKeys(findTestObject("Object Repository/Page_Google/input__q (1)"), Keys.chord(ENTER)): Keys 'ENTER + ' sent to object: 'Object Repository/Page_Google/input__q (1)'

2023-02-16 15:25:09 - [MESSAGE][PASSED] - Keys 'ENTER + ' sent to object: 'Object Repository/Page_Google/input__q (1)'

2023-02-16 15:25:09 - [TEST_STEP][PASSED] - closeBrowser(): Browser is closed

2023-02-16 15:25:10 - [MESSAGE][PASSED] - Browser is closed]]></system-out>
         <system-err><![CDATA[]]></system-err>
      </testcase>
      <system-out><![CDATA[2023-02-16 15:24:17 - [TEST_SUITE][PASSED] - New Test Suite pulpito repetido - Copy (21): Test Cases/Test como crear un pulpito - Copy (15)]]></system-out>
      <system-err><![CDATA[]]></system-err>
   </testsuite>
</testsuites>
