<?xml version="1.0" encoding="UTF-8"?>
<testsuites name="Test Suite del chunguito" time="518.244" tests="29" failures="0" errors="0">
   <testsuite name="Test Suite del chunguito" tests="29" failures="0" errors="0" time="518.244" skipped="0" timestamp="2023-02-14 19:31:11" hostname="hexas - DESKTOP-C94ONF5.mshome.net" id="Test Suites/Test Suite del chunguito">
      <properties>
         <property name="deviceName" value=""/>
         <property name="devicePlatform" value=""/>
         <property name="logFolder" value="C:\\Users\\hexas\\git\\chungu\\Reports\\20230214_190752\\Test Suite del chunguito\\20230214_190850"/>
         <property name="logFiles" value="C:\\Users\\hexas\\git\\chungu\\Reports\\20230214_190752\\Test Suite del chunguito\\20230214_190850\\execution0.log"/>
         <property name="attachments" value=""/>
         <property name="hostName" value="hexas - DESKTOP-C94ONF5.mshome.net"/>
         <property name="os" value="Windows 10 64bit"/>
         <property name="katalonVersion" value="8.5.5.208"/>
         <property name="browser" value="Chrome 110.0.0.0"/>
         <property name="hostAddress" value="192.168.137.1"/>
         <property name="sessionId" value="2705d856941af43c2bc3bd7daa7056ba"/>
         <property name="seleniumVersion" value="3.141.59"/>
         <property name="proxyInformation" value="ProxyInformation { proxyOption=NO_PROXY, proxyServerType=HTTP, username=, password=********, proxyServerAddress=, proxyServerPort=0, executionList=&quot;&quot;, isApplyToDesiredCapabilities=true }"/>
         <property name="platform" value="Windows 10"/>
      </properties>
      <testcase name="Test Cases/New Test Case- compucalitv - Copy (14) - Copy" time="23.462" classname="Test Cases/New Test Case- compucalitv - Copy (14) - Copy" status="PASSED">
         <system-out><![CDATA[2023-02-14 19:31:11 - [TEST_CASE][PASSED] - Test Cases/New Test Case- compucalitv - Copy (14) - Copy: Test Cases/New Test Case- compucalitv - Copy (14) - Copy

2023-02-14 19:31:12 - [TEST_STEP][PASSED] - openBrowser(""): Browser is opened with url: ''

2023-02-14 19:31:14 - [MESSAGE][INFO] - Starting 'Chrome' driver

2023-02-14 19:31:14 - [MESSAGE][INFO] - Action delay is set to 0 milliseconds

2023-02-14 19:31:17 - [MESSAGE][PASSED] - Browser is opened with url: ''

2023-02-14 19:31:17 - [TEST_STEP][PASSED] - navigateToUrl("https://www.google.com/"): Navigate to 'https://www.google.com/' successfully

2023-02-14 19:31:23 - [MESSAGE][PASSED] - Navigate to 'https://www.google.com/' successfully

2023-02-14 19:31:23 - [TEST_STEP][PASSED] - setText(findTestObject("Object Repository/Page_Google/input__q"), "cines unidos"): Text 'cines unidos' is set on object 'Object Repository/Page_Google/input__q'

2023-02-14 19:31:24 - [MESSAGE][PASSED] - Text 'cines unidos' is set on object 'Object Repository/Page_Google/input__q'

2023-02-14 19:31:24 - [TEST_STEP][PASSED] - sendKeys(findTestObject("Object Repository/Page_Google/input__q"), Keys.chord(ENTER)): Keys 'ENTER + ' sent to object: 'Object Repository/Page_Google/input__q'

2023-02-14 19:31:34 - [MESSAGE][PASSED] - Keys 'ENTER + ' sent to object: 'Object Repository/Page_Google/input__q'

2023-02-14 19:31:34 - [TEST_STEP][PASSED] - closeBrowser(): Browser is closed

2023-02-14 19:31:35 - [MESSAGE][PASSED] - Browser is closed]]></system-out>
         <system-err><![CDATA[]]></system-err>
      </testcase>
      <testcase name="Test Cases/New Test Case- compucalitv - Copy (14)" time="18.866" classname="Test Cases/New Test Case- compucalitv - Copy (14)" status="PASSED">
         <system-out><![CDATA[2023-02-14 19:31:35 - [TEST_CASE][PASSED] - Test Cases/New Test Case- compucalitv - Copy (14): Test Cases/New Test Case- compucalitv - Copy (14)

2023-02-14 19:31:35 - [TEST_STEP][PASSED] - openBrowser(""): Browser is opened with url: ''

2023-02-14 19:31:35 - [MESSAGE][INFO] - Starting 'Chrome' driver

2023-02-14 19:31:35 - [MESSAGE][INFO] - Action delay is set to 0 milliseconds

2023-02-14 19:31:37 - [MESSAGE][PASSED] - Browser is opened with url: ''

2023-02-14 19:31:37 - [TEST_STEP][PASSED] - navigateToUrl("https://www.google.com/"): Navigate to 'https://www.google.com/' successfully

2023-02-14 19:31:42 - [MESSAGE][PASSED] - Navigate to 'https://www.google.com/' successfully

2023-02-14 19:31:42 - [TEST_STEP][PASSED] - setText(findTestObject("Object Repository/Page_Google/input__q"), "cines unidos"): Text 'cines unidos' is set on object 'Object Repository/Page_Google/input__q'

2023-02-14 19:31:43 - [MESSAGE][PASSED] - Text 'cines unidos' is set on object 'Object Repository/Page_Google/input__q'

2023-02-14 19:31:43 - [TEST_STEP][PASSED] - sendKeys(findTestObject("Object Repository/Page_Google/input__q"), Keys.chord(ENTER)): Keys 'ENTER + ' sent to object: 'Object Repository/Page_Google/input__q'

2023-02-14 19:31:53 - [MESSAGE][PASSED] - Keys 'ENTER + ' sent to object: 'Object Repository/Page_Google/input__q'

2023-02-14 19:31:53 - [TEST_STEP][PASSED] - closeBrowser(): Browser is closed

2023-02-14 19:31:53 - [MESSAGE][PASSED] - Browser is closed]]></system-out>
         <system-err><![CDATA[]]></system-err>
      </testcase>
      <testcase name="Test Cases/New Test Case- compucalitv - Copy (15) - Copy" time="18.547" classname="Test Cases/New Test Case- compucalitv - Copy (15) - Copy" status="PASSED">
         <system-out><![CDATA[2023-02-14 19:31:53 - [TEST_CASE][PASSED] - Test Cases/New Test Case- compucalitv - Copy (15) - Copy: Test Cases/New Test Case- compucalitv - Copy (15) - Copy

2023-02-14 19:31:54 - [TEST_STEP][PASSED] - openBrowser(""): Browser is opened with url: ''

2023-02-14 19:31:54 - [MESSAGE][INFO] - Starting 'Chrome' driver

2023-02-14 19:31:54 - [MESSAGE][INFO] - Action delay is set to 0 milliseconds

2023-02-14 19:31:56 - [MESSAGE][PASSED] - Browser is opened with url: ''

2023-02-14 19:31:56 - [TEST_STEP][PASSED] - navigateToUrl("https://www.google.com/"): Navigate to 'https://www.google.com/' successfully

2023-02-14 19:32:01 - [MESSAGE][PASSED] - Navigate to 'https://www.google.com/' successfully

2023-02-14 19:32:01 - [TEST_STEP][PASSED] - setText(findTestObject("Object Repository/Page_Google/input__q"), "cines unidos"): Text 'cines unidos' is set on object 'Object Repository/Page_Google/input__q'

2023-02-14 19:32:02 - [MESSAGE][PASSED] - Text 'cines unidos' is set on object 'Object Repository/Page_Google/input__q'

2023-02-14 19:32:02 - [TEST_STEP][PASSED] - sendKeys(findTestObject("Object Repository/Page_Google/input__q"), Keys.chord(ENTER)): Keys 'ENTER + ' sent to object: 'Object Repository/Page_Google/input__q'

2023-02-14 19:32:11 - [MESSAGE][PASSED] - Keys 'ENTER + ' sent to object: 'Object Repository/Page_Google/input__q'

2023-02-14 19:32:11 - [TEST_STEP][PASSED] - closeBrowser(): Browser is closed

2023-02-14 19:32:12 - [MESSAGE][PASSED] - Browser is closed]]></system-out>
         <system-err><![CDATA[]]></system-err>
      </testcase>
      <testcase name="Test Cases/New Test Case- compucalitv - Copy (15)" time="17.51" classname="Test Cases/New Test Case- compucalitv - Copy (15)" status="PASSED">
         <system-out><![CDATA[2023-02-14 19:32:12 - [TEST_CASE][PASSED] - Test Cases/New Test Case- compucalitv - Copy (15): Test Cases/New Test Case- compucalitv - Copy (15)

2023-02-14 19:32:13 - [TEST_STEP][PASSED] - openBrowser(""): Browser is opened with url: ''

2023-02-14 19:32:13 - [MESSAGE][INFO] - Starting 'Chrome' driver

2023-02-14 19:32:13 - [MESSAGE][INFO] - Action delay is set to 0 milliseconds

2023-02-14 19:32:14 - [MESSAGE][PASSED] - Browser is opened with url: ''

2023-02-14 19:32:14 - [TEST_STEP][PASSED] - navigateToUrl("https://www.google.com/"): Navigate to 'https://www.google.com/' successfully

2023-02-14 19:32:20 - [MESSAGE][PASSED] - Navigate to 'https://www.google.com/' successfully

2023-02-14 19:32:20 - [TEST_STEP][PASSED] - setText(findTestObject("Object Repository/Page_Google/input__q"), "cines unidos"): Text 'cines unidos' is set on object 'Object Repository/Page_Google/input__q'

2023-02-14 19:32:20 - [MESSAGE][PASSED] - Text 'cines unidos' is set on object 'Object Repository/Page_Google/input__q'

2023-02-14 19:32:21 - [TEST_STEP][PASSED] - sendKeys(findTestObject("Object Repository/Page_Google/input__q"), Keys.chord(ENTER)): Keys 'ENTER + ' sent to object: 'Object Repository/Page_Google/input__q'

2023-02-14 19:32:29 - [MESSAGE][PASSED] - Keys 'ENTER + ' sent to object: 'Object Repository/Page_Google/input__q'

2023-02-14 19:32:29 - [TEST_STEP][PASSED] - closeBrowser(): Browser is closed

2023-02-14 19:32:30 - [MESSAGE][PASSED] - Browser is closed]]></system-out>
         <system-err><![CDATA[]]></system-err>
      </testcase>
      <testcase name="Test Cases/New Test Case- compucalitv - Copy (16) - Copy" time="16.167" classname="Test Cases/New Test Case- compucalitv - Copy (16) - Copy" status="PASSED">
         <system-out><![CDATA[2023-02-14 19:32:30 - [TEST_CASE][PASSED] - Test Cases/New Test Case- compucalitv - Copy (16) - Copy: Test Cases/New Test Case- compucalitv - Copy (16) - Copy

2023-02-14 19:32:30 - [TEST_STEP][PASSED] - openBrowser(""): Browser is opened with url: ''

2023-02-14 19:32:30 - [MESSAGE][INFO] - Starting 'Chrome' driver

2023-02-14 19:32:30 - [MESSAGE][INFO] - Action delay is set to 0 milliseconds

2023-02-14 19:32:32 - [MESSAGE][PASSED] - Browser is opened with url: ''

2023-02-14 19:32:32 - [TEST_STEP][PASSED] - navigateToUrl("https://www.google.com/"): Navigate to 'https://www.google.com/' successfully

2023-02-14 19:32:35 - [MESSAGE][PASSED] - Navigate to 'https://www.google.com/' successfully

2023-02-14 19:32:35 - [TEST_STEP][PASSED] - setText(findTestObject("Object Repository/Page_Google/input__q"), "cines unidos"): Text 'cines unidos' is set on object 'Object Repository/Page_Google/input__q'

2023-02-14 19:32:36 - [MESSAGE][PASSED] - Text 'cines unidos' is set on object 'Object Repository/Page_Google/input__q'

2023-02-14 19:32:36 - [TEST_STEP][PASSED] - sendKeys(findTestObject("Object Repository/Page_Google/input__q"), Keys.chord(ENTER)): Keys 'ENTER + ' sent to object: 'Object Repository/Page_Google/input__q'

2023-02-14 19:32:45 - [MESSAGE][PASSED] - Keys 'ENTER + ' sent to object: 'Object Repository/Page_Google/input__q'

2023-02-14 19:32:45 - [TEST_STEP][PASSED] - closeBrowser(): Browser is closed

2023-02-14 19:32:46 - [MESSAGE][PASSED] - Browser is closed]]></system-out>
         <system-err><![CDATA[]]></system-err>
      </testcase>
      <testcase name="Test Cases/New Test Case- compucalitv - Copy (17) - Copy" time="15.588" classname="Test Cases/New Test Case- compucalitv - Copy (17) - Copy" status="PASSED">
         <system-out><![CDATA[2023-02-14 19:32:46 - [TEST_CASE][PASSED] - Test Cases/New Test Case- compucalitv - Copy (17) - Copy: Test Cases/New Test Case- compucalitv - Copy (17) - Copy

2023-02-14 19:32:46 - [TEST_STEP][PASSED] - openBrowser(""): Browser is opened with url: ''

2023-02-14 19:32:46 - [MESSAGE][INFO] - Starting 'Chrome' driver

2023-02-14 19:32:46 - [MESSAGE][INFO] - Action delay is set to 0 milliseconds

2023-02-14 19:32:48 - [MESSAGE][PASSED] - Browser is opened with url: ''

2023-02-14 19:32:48 - [TEST_STEP][PASSED] - navigateToUrl("https://www.google.com/"): Navigate to 'https://www.google.com/' successfully

2023-02-14 19:32:53 - [MESSAGE][PASSED] - Navigate to 'https://www.google.com/' successfully

2023-02-14 19:32:53 - [TEST_STEP][PASSED] - setText(findTestObject("Object Repository/Page_Google/input__q"), "cines unidos"): Text 'cines unidos' is set on object 'Object Repository/Page_Google/input__q'

2023-02-14 19:32:54 - [MESSAGE][PASSED] - Text 'cines unidos' is set on object 'Object Repository/Page_Google/input__q'

2023-02-14 19:32:54 - [TEST_STEP][PASSED] - sendKeys(findTestObject("Object Repository/Page_Google/input__q"), Keys.chord(ENTER)): Keys 'ENTER + ' sent to object: 'Object Repository/Page_Google/input__q'

2023-02-14 19:33:00 - [MESSAGE][PASSED] - Keys 'ENTER + ' sent to object: 'Object Repository/Page_Google/input__q'

2023-02-14 19:33:00 - [TEST_STEP][PASSED] - closeBrowser(): Browser is closed

2023-02-14 19:33:01 - [MESSAGE][PASSED] - Browser is closed]]></system-out>
         <system-err><![CDATA[]]></system-err>
      </testcase>
      <testcase name="Test Cases/New Test Case- compucalitv - Copy (16)" time="15.751" classname="Test Cases/New Test Case- compucalitv - Copy (16)" status="PASSED">
         <system-out><![CDATA[2023-02-14 19:33:01 - [TEST_CASE][PASSED] - Test Cases/New Test Case- compucalitv - Copy (16): Test Cases/New Test Case- compucalitv - Copy (16)

2023-02-14 19:33:02 - [TEST_STEP][PASSED] - openBrowser(""): Browser is opened with url: ''

2023-02-14 19:33:02 - [MESSAGE][INFO] - Starting 'Chrome' driver

2023-02-14 19:33:02 - [MESSAGE][INFO] - Action delay is set to 0 milliseconds

2023-02-14 19:33:04 - [MESSAGE][PASSED] - Browser is opened with url: ''

2023-02-14 19:33:04 - [TEST_STEP][PASSED] - navigateToUrl("https://www.google.com/"): Navigate to 'https://www.google.com/' successfully

2023-02-14 19:33:07 - [MESSAGE][PASSED] - Navigate to 'https://www.google.com/' successfully

2023-02-14 19:33:07 - [TEST_STEP][PASSED] - setText(findTestObject("Object Repository/Page_Google/input__q"), "cines unidos"): Text 'cines unidos' is set on object 'Object Repository/Page_Google/input__q'

2023-02-14 19:33:08 - [MESSAGE][PASSED] - Text 'cines unidos' is set on object 'Object Repository/Page_Google/input__q'

2023-02-14 19:33:08 - [TEST_STEP][PASSED] - sendKeys(findTestObject("Object Repository/Page_Google/input__q"), Keys.chord(ENTER)): Keys 'ENTER + ' sent to object: 'Object Repository/Page_Google/input__q'

2023-02-14 19:33:16 - [MESSAGE][PASSED] - Keys 'ENTER + ' sent to object: 'Object Repository/Page_Google/input__q'

2023-02-14 19:33:16 - [TEST_STEP][PASSED] - closeBrowser(): Browser is closed

2023-02-14 19:33:17 - [MESSAGE][PASSED] - Browser is closed]]></system-out>
         <system-err><![CDATA[]]></system-err>
      </testcase>
      <testcase name="Test Cases/New Test Case- compucalitv - Copy (17)" time="14.211" classname="Test Cases/New Test Case- compucalitv - Copy (17)" status="PASSED">
         <system-out><![CDATA[2023-02-14 19:33:17 - [TEST_CASE][PASSED] - Test Cases/New Test Case- compucalitv - Copy (17): Test Cases/New Test Case- compucalitv - Copy (17)

2023-02-14 19:33:18 - [TEST_STEP][PASSED] - openBrowser(""): Browser is opened with url: ''

2023-02-14 19:33:18 - [MESSAGE][INFO] - Starting 'Chrome' driver

2023-02-14 19:33:18 - [MESSAGE][INFO] - Action delay is set to 0 milliseconds

2023-02-14 19:33:19 - [MESSAGE][PASSED] - Browser is opened with url: ''

2023-02-14 19:33:19 - [TEST_STEP][PASSED] - navigateToUrl("https://www.google.com/"): Navigate to 'https://www.google.com/' successfully

2023-02-14 19:33:23 - [MESSAGE][PASSED] - Navigate to 'https://www.google.com/' successfully

2023-02-14 19:33:23 - [TEST_STEP][PASSED] - setText(findTestObject("Object Repository/Page_Google/input__q"), "cines unidos"): Text 'cines unidos' is set on object 'Object Repository/Page_Google/input__q'

2023-02-14 19:33:24 - [MESSAGE][PASSED] - Text 'cines unidos' is set on object 'Object Repository/Page_Google/input__q'

2023-02-14 19:33:24 - [TEST_STEP][PASSED] - sendKeys(findTestObject("Object Repository/Page_Google/input__q"), Keys.chord(ENTER)): Keys 'ENTER + ' sent to object: 'Object Repository/Page_Google/input__q'

2023-02-14 19:33:31 - [MESSAGE][PASSED] - Keys 'ENTER + ' sent to object: 'Object Repository/Page_Google/input__q'

2023-02-14 19:33:31 - [TEST_STEP][PASSED] - closeBrowser(): Browser is closed

2023-02-14 19:33:31 - [MESSAGE][PASSED] - Browser is closed]]></system-out>
         <system-err><![CDATA[]]></system-err>
      </testcase>
      <testcase name="Test Cases/New Test Case- compucalitv - Copy (18) - Copy" time="14.03" classname="Test Cases/New Test Case- compucalitv - Copy (18) - Copy" status="PASSED">
         <system-out><![CDATA[2023-02-14 19:33:31 - [TEST_CASE][PASSED] - Test Cases/New Test Case- compucalitv - Copy (18) - Copy: Test Cases/New Test Case- compucalitv - Copy (18) - Copy

2023-02-14 19:33:32 - [TEST_STEP][PASSED] - openBrowser(""): Browser is opened with url: ''

2023-02-14 19:33:32 - [MESSAGE][INFO] - Starting 'Chrome' driver

2023-02-14 19:33:32 - [MESSAGE][INFO] - Action delay is set to 0 milliseconds

2023-02-14 19:33:34 - [MESSAGE][PASSED] - Browser is opened with url: ''

2023-02-14 19:33:34 - [TEST_STEP][PASSED] - navigateToUrl("https://www.google.com/"): Navigate to 'https://www.google.com/' successfully

2023-02-14 19:33:37 - [MESSAGE][PASSED] - Navigate to 'https://www.google.com/' successfully

2023-02-14 19:33:37 - [TEST_STEP][PASSED] - setText(findTestObject("Object Repository/Page_Google/input__q"), "cines unidos"): Text 'cines unidos' is set on object 'Object Repository/Page_Google/input__q'

2023-02-14 19:33:38 - [MESSAGE][PASSED] - Text 'cines unidos' is set on object 'Object Repository/Page_Google/input__q'

2023-02-14 19:33:38 - [TEST_STEP][PASSED] - sendKeys(findTestObject("Object Repository/Page_Google/input__q"), Keys.chord(ENTER)): Keys 'ENTER + ' sent to object: 'Object Repository/Page_Google/input__q'

2023-02-14 19:33:45 - [MESSAGE][PASSED] - Keys 'ENTER + ' sent to object: 'Object Repository/Page_Google/input__q'

2023-02-14 19:33:45 - [TEST_STEP][PASSED] - closeBrowser(): Browser is closed

2023-02-14 19:33:45 - [MESSAGE][PASSED] - Browser is closed]]></system-out>
         <system-err><![CDATA[]]></system-err>
      </testcase>
      <testcase name="Test Cases/New Test Case- compucalitv - Copy (18)" time="20.888" classname="Test Cases/New Test Case- compucalitv - Copy (18)" status="PASSED">
         <system-out><![CDATA[2023-02-14 19:33:45 - [TEST_CASE][PASSED] - Test Cases/New Test Case- compucalitv - Copy (18): Test Cases/New Test Case- compucalitv - Copy (18)

2023-02-14 19:33:46 - [TEST_STEP][PASSED] - openBrowser(""): Browser is opened with url: ''

2023-02-14 19:33:46 - [MESSAGE][INFO] - Starting 'Chrome' driver

2023-02-14 19:33:46 - [MESSAGE][INFO] - Action delay is set to 0 milliseconds

2023-02-14 19:33:48 - [MESSAGE][PASSED] - Browser is opened with url: ''

2023-02-14 19:33:48 - [TEST_STEP][PASSED] - navigateToUrl("https://www.google.com/"): Navigate to 'https://www.google.com/' successfully

2023-02-14 19:33:52 - [MESSAGE][PASSED] - Navigate to 'https://www.google.com/' successfully

2023-02-14 19:33:52 - [TEST_STEP][PASSED] - setText(findTestObject("Object Repository/Page_Google/input__q"), "cines unidos"): Text 'cines unidos' is set on object 'Object Repository/Page_Google/input__q'

2023-02-14 19:33:53 - [MESSAGE][PASSED] - Text 'cines unidos' is set on object 'Object Repository/Page_Google/input__q'

2023-02-14 19:33:53 - [TEST_STEP][PASSED] - sendKeys(findTestObject("Object Repository/Page_Google/input__q"), Keys.chord(ENTER)): Keys 'ENTER + ' sent to object: 'Object Repository/Page_Google/input__q'

2023-02-14 19:34:05 - [MESSAGE][PASSED] - Keys 'ENTER + ' sent to object: 'Object Repository/Page_Google/input__q'

2023-02-14 19:34:05 - [TEST_STEP][PASSED] - closeBrowser(): Browser is closed

2023-02-14 19:34:06 - [MESSAGE][PASSED] - Browser is closed]]></system-out>
         <system-err><![CDATA[]]></system-err>
      </testcase>
      <testcase name="Test Cases/New Test Case- compucalitv - Copy (19) - Copy" time="14.761" classname="Test Cases/New Test Case- compucalitv - Copy (19) - Copy" status="PASSED">
         <system-out><![CDATA[2023-02-14 19:34:06 - [TEST_CASE][PASSED] - Test Cases/New Test Case- compucalitv - Copy (19) - Copy: Test Cases/New Test Case- compucalitv - Copy (19) - Copy

2023-02-14 19:34:07 - [TEST_STEP][PASSED] - openBrowser(""): Browser is opened with url: ''

2023-02-14 19:34:07 - [MESSAGE][INFO] - Starting 'Chrome' driver

2023-02-14 19:34:07 - [MESSAGE][INFO] - Action delay is set to 0 milliseconds

2023-02-14 19:34:09 - [MESSAGE][PASSED] - Browser is opened with url: ''

2023-02-14 19:34:09 - [TEST_STEP][PASSED] - navigateToUrl("https://www.google.com/"): Navigate to 'https://www.google.com/' successfully

2023-02-14 19:34:12 - [MESSAGE][PASSED] - Navigate to 'https://www.google.com/' successfully

2023-02-14 19:34:12 - [TEST_STEP][PASSED] - setText(findTestObject("Object Repository/Page_Google/input__q"), "cines unidos"): Text 'cines unidos' is set on object 'Object Repository/Page_Google/input__q'

2023-02-14 19:34:13 - [MESSAGE][PASSED] - Text 'cines unidos' is set on object 'Object Repository/Page_Google/input__q'

2023-02-14 19:34:13 - [TEST_STEP][PASSED] - sendKeys(findTestObject("Object Repository/Page_Google/input__q"), Keys.chord(ENTER)): Keys 'ENTER + ' sent to object: 'Object Repository/Page_Google/input__q'

2023-02-14 19:34:20 - [MESSAGE][PASSED] - Keys 'ENTER + ' sent to object: 'Object Repository/Page_Google/input__q'

2023-02-14 19:34:20 - [TEST_STEP][PASSED] - closeBrowser(): Browser is closed

2023-02-14 19:34:21 - [MESSAGE][PASSED] - Browser is closed]]></system-out>
         <system-err><![CDATA[]]></system-err>
      </testcase>
      <testcase name="Test Cases/New Test Case- compucalitv - Copy (19)" time="17.36" classname="Test Cases/New Test Case- compucalitv - Copy (19)" status="PASSED">
         <system-out><![CDATA[2023-02-14 19:34:21 - [TEST_CASE][PASSED] - Test Cases/New Test Case- compucalitv - Copy (19): Test Cases/New Test Case- compucalitv - Copy (19)

2023-02-14 19:34:22 - [TEST_STEP][PASSED] - openBrowser(""): Browser is opened with url: ''

2023-02-14 19:34:22 - [MESSAGE][INFO] - Starting 'Chrome' driver

2023-02-14 19:34:22 - [MESSAGE][INFO] - Action delay is set to 0 milliseconds

2023-02-14 19:34:24 - [MESSAGE][PASSED] - Browser is opened with url: ''

2023-02-14 19:34:24 - [TEST_STEP][PASSED] - navigateToUrl("https://www.google.com/"): Navigate to 'https://www.google.com/' successfully

2023-02-14 19:34:28 - [MESSAGE][PASSED] - Navigate to 'https://www.google.com/' successfully

2023-02-14 19:34:28 - [TEST_STEP][PASSED] - setText(findTestObject("Object Repository/Page_Google/input__q"), "cines unidos"): Text 'cines unidos' is set on object 'Object Repository/Page_Google/input__q'

2023-02-14 19:34:29 - [MESSAGE][PASSED] - Text 'cines unidos' is set on object 'Object Repository/Page_Google/input__q'

2023-02-14 19:34:29 - [TEST_STEP][PASSED] - sendKeys(findTestObject("Object Repository/Page_Google/input__q"), Keys.chord(ENTER)): Keys 'ENTER + ' sent to object: 'Object Repository/Page_Google/input__q'

2023-02-14 19:34:38 - [MESSAGE][PASSED] - Keys 'ENTER + ' sent to object: 'Object Repository/Page_Google/input__q'

2023-02-14 19:34:38 - [TEST_STEP][PASSED] - closeBrowser(): Browser is closed

2023-02-14 19:34:38 - [MESSAGE][PASSED] - Browser is closed]]></system-out>
         <system-err><![CDATA[]]></system-err>
      </testcase>
      <testcase name="Test Cases/New Test Case- compucalitv - Copy (2) - Copy" time="20.282" classname="Test Cases/New Test Case- compucalitv - Copy (2) - Copy" status="PASSED">
         <system-out><![CDATA[2023-02-14 19:34:38 - [TEST_CASE][PASSED] - Test Cases/New Test Case- compucalitv - Copy (2) - Copy: Test Cases/New Test Case- compucalitv - Copy (2) - Copy

2023-02-14 19:34:39 - [TEST_STEP][PASSED] - openBrowser(""): Browser is opened with url: ''

2023-02-14 19:34:39 - [MESSAGE][INFO] - Starting 'Chrome' driver

2023-02-14 19:34:39 - [MESSAGE][INFO] - Action delay is set to 0 milliseconds

2023-02-14 19:34:41 - [MESSAGE][PASSED] - Browser is opened with url: ''

2023-02-14 19:34:41 - [TEST_STEP][PASSED] - navigateToUrl("https://www.google.com/"): Navigate to 'https://www.google.com/' successfully

2023-02-14 19:34:50 - [MESSAGE][PASSED] - Navigate to 'https://www.google.com/' successfully

2023-02-14 19:34:50 - [TEST_STEP][PASSED] - setText(findTestObject("Object Repository/Page_Google/input__q"), "cines unidos"): Text 'cines unidos' is set on object 'Object Repository/Page_Google/input__q'

2023-02-14 19:34:51 - [MESSAGE][PASSED] - Text 'cines unidos' is set on object 'Object Repository/Page_Google/input__q'

2023-02-14 19:34:51 - [TEST_STEP][PASSED] - sendKeys(findTestObject("Object Repository/Page_Google/input__q"), Keys.chord(ENTER)): Keys 'ENTER + ' sent to object: 'Object Repository/Page_Google/input__q'

2023-02-14 19:34:58 - [MESSAGE][PASSED] - Keys 'ENTER + ' sent to object: 'Object Repository/Page_Google/input__q'

2023-02-14 19:34:58 - [TEST_STEP][PASSED] - closeBrowser(): Browser is closed

2023-02-14 19:34:59 - [MESSAGE][PASSED] - Browser is closed]]></system-out>
         <system-err><![CDATA[]]></system-err>
      </testcase>
      <testcase name="Test Cases/New Test Case- compucalitv - Copy (2)" time="14.729" classname="Test Cases/New Test Case- compucalitv - Copy (2)" status="PASSED">
         <system-out><![CDATA[2023-02-14 19:34:59 - [TEST_CASE][PASSED] - Test Cases/New Test Case- compucalitv - Copy (2): Test Cases/New Test Case- compucalitv - Copy (2)

2023-02-14 19:34:59 - [TEST_STEP][PASSED] - openBrowser(""): Browser is opened with url: ''

2023-02-14 19:34:59 - [MESSAGE][INFO] - Starting 'Chrome' driver

2023-02-14 19:34:59 - [MESSAGE][INFO] - Action delay is set to 0 milliseconds

2023-02-14 19:35:01 - [MESSAGE][PASSED] - Browser is opened with url: ''

2023-02-14 19:35:01 - [TEST_STEP][PASSED] - navigateToUrl("https://www.google.com/"): Navigate to 'https://www.google.com/' successfully

2023-02-14 19:35:05 - [MESSAGE][PASSED] - Navigate to 'https://www.google.com/' successfully

2023-02-14 19:35:05 - [TEST_STEP][PASSED] - setText(findTestObject("Object Repository/Page_Google/input__q"), "cines unidos"): Text 'cines unidos' is set on object 'Object Repository/Page_Google/input__q'

2023-02-14 19:35:06 - [MESSAGE][PASSED] - Text 'cines unidos' is set on object 'Object Repository/Page_Google/input__q'

2023-02-14 19:35:06 - [TEST_STEP][PASSED] - sendKeys(findTestObject("Object Repository/Page_Google/input__q"), Keys.chord(ENTER)): Keys 'ENTER + ' sent to object: 'Object Repository/Page_Google/input__q'

2023-02-14 19:35:12 - [MESSAGE][PASSED] - Keys 'ENTER + ' sent to object: 'Object Repository/Page_Google/input__q'

2023-02-14 19:35:12 - [TEST_STEP][PASSED] - closeBrowser(): Browser is closed

2023-02-14 19:35:13 - [MESSAGE][PASSED] - Browser is closed]]></system-out>
         <system-err><![CDATA[]]></system-err>
      </testcase>
      <testcase name="Test Cases/New Test Case- compucalitv - Copy (20)" time="12.372" classname="Test Cases/New Test Case- compucalitv - Copy (20)" status="PASSED">
         <system-out><![CDATA[2023-02-14 19:35:13 - [TEST_CASE][PASSED] - Test Cases/New Test Case- compucalitv - Copy (20): Test Cases/New Test Case- compucalitv - Copy (20)

2023-02-14 19:35:14 - [TEST_STEP][PASSED] - openBrowser(""): Browser is opened with url: ''

2023-02-14 19:35:14 - [MESSAGE][INFO] - Starting 'Chrome' driver

2023-02-14 19:35:14 - [MESSAGE][INFO] - Action delay is set to 0 milliseconds

2023-02-14 19:35:16 - [MESSAGE][PASSED] - Browser is opened with url: ''

2023-02-14 19:35:16 - [TEST_STEP][PASSED] - navigateToUrl("https://www.google.com/"): Navigate to 'https://www.google.com/' successfully

2023-02-14 19:35:19 - [MESSAGE][PASSED] - Navigate to 'https://www.google.com/' successfully

2023-02-14 19:35:19 - [TEST_STEP][PASSED] - setText(findTestObject("Object Repository/Page_Google/input__q"), "cines unidos"): Text 'cines unidos' is set on object 'Object Repository/Page_Google/input__q'

2023-02-14 19:35:20 - [MESSAGE][PASSED] - Text 'cines unidos' is set on object 'Object Repository/Page_Google/input__q'

2023-02-14 19:35:20 - [TEST_STEP][PASSED] - sendKeys(findTestObject("Object Repository/Page_Google/input__q"), Keys.chord(ENTER)): Keys 'ENTER + ' sent to object: 'Object Repository/Page_Google/input__q'

2023-02-14 19:35:25 - [MESSAGE][PASSED] - Keys 'ENTER + ' sent to object: 'Object Repository/Page_Google/input__q'

2023-02-14 19:35:25 - [TEST_STEP][PASSED] - closeBrowser(): Browser is closed

2023-02-14 19:35:26 - [MESSAGE][PASSED] - Browser is closed]]></system-out>
         <system-err><![CDATA[]]></system-err>
      </testcase>
      <testcase name="Test Cases/New Test Case- compucalitv - Copy (21)" time="22.736" classname="Test Cases/New Test Case- compucalitv - Copy (21)" status="PASSED">
         <system-out><![CDATA[2023-02-14 19:35:26 - [TEST_CASE][PASSED] - Test Cases/New Test Case- compucalitv - Copy (21): Test Cases/New Test Case- compucalitv - Copy (21)

2023-02-14 19:35:26 - [TEST_STEP][PASSED] - openBrowser(""): Browser is opened with url: ''

2023-02-14 19:35:26 - [MESSAGE][INFO] - Starting 'Chrome' driver

2023-02-14 19:35:26 - [MESSAGE][INFO] - Action delay is set to 0 milliseconds

2023-02-14 19:35:28 - [MESSAGE][PASSED] - Browser is opened with url: ''

2023-02-14 19:35:28 - [TEST_STEP][PASSED] - navigateToUrl("https://www.google.com/"): Navigate to 'https://www.google.com/' successfully

2023-02-14 19:35:36 - [MESSAGE][PASSED] - Navigate to 'https://www.google.com/' successfully

2023-02-14 19:35:36 - [TEST_STEP][PASSED] - setText(findTestObject("Object Repository/Page_Google/input__q"), "cines unidos"): Text 'cines unidos' is set on object 'Object Repository/Page_Google/input__q'

2023-02-14 19:35:37 - [MESSAGE][PASSED] - Text 'cines unidos' is set on object 'Object Repository/Page_Google/input__q'

2023-02-14 19:35:37 - [TEST_STEP][PASSED] - sendKeys(findTestObject("Object Repository/Page_Google/input__q"), Keys.chord(ENTER)): Keys 'ENTER + ' sent to object: 'Object Repository/Page_Google/input__q'

2023-02-14 19:35:47 - [MESSAGE][PASSED] - Keys 'ENTER + ' sent to object: 'Object Repository/Page_Google/input__q'

2023-02-14 19:35:47 - [TEST_STEP][PASSED] - closeBrowser(): Browser is closed

2023-02-14 19:35:49 - [MESSAGE][PASSED] - Browser is closed]]></system-out>
         <system-err><![CDATA[]]></system-err>
      </testcase>
      <testcase name="Test Cases/New Test Case- compucalitv - Copy (22)" time="21.568" classname="Test Cases/New Test Case- compucalitv - Copy (22)" status="PASSED">
         <system-out><![CDATA[2023-02-14 19:35:49 - [TEST_CASE][PASSED] - Test Cases/New Test Case- compucalitv - Copy (22): Test Cases/New Test Case- compucalitv - Copy (22)

2023-02-14 19:35:50 - [TEST_STEP][PASSED] - openBrowser(""): Browser is opened with url: ''

2023-02-14 19:35:50 - [MESSAGE][INFO] - Starting 'Chrome' driver

2023-02-14 19:35:50 - [MESSAGE][INFO] - Action delay is set to 0 milliseconds

2023-02-14 19:35:52 - [MESSAGE][PASSED] - Browser is opened with url: ''

2023-02-14 19:35:52 - [TEST_STEP][PASSED] - navigateToUrl("https://www.google.com/"): Navigate to 'https://www.google.com/' successfully

2023-02-14 19:35:57 - [MESSAGE][PASSED] - Navigate to 'https://www.google.com/' successfully

2023-02-14 19:35:57 - [TEST_STEP][PASSED] - setText(findTestObject("Object Repository/Page_Google/input__q"), "cines unidos"): Text 'cines unidos' is set on object 'Object Repository/Page_Google/input__q'

2023-02-14 19:35:58 - [MESSAGE][PASSED] - Text 'cines unidos' is set on object 'Object Repository/Page_Google/input__q'

2023-02-14 19:35:58 - [TEST_STEP][PASSED] - sendKeys(findTestObject("Object Repository/Page_Google/input__q"), Keys.chord(ENTER)): Keys 'ENTER + ' sent to object: 'Object Repository/Page_Google/input__q'

2023-02-14 19:36:09 - [MESSAGE][PASSED] - Keys 'ENTER + ' sent to object: 'Object Repository/Page_Google/input__q'

2023-02-14 19:36:09 - [TEST_STEP][PASSED] - closeBrowser(): Browser is closed

2023-02-14 19:36:10 - [MESSAGE][PASSED] - Browser is closed]]></system-out>
         <system-err><![CDATA[]]></system-err>
      </testcase>
      <testcase name="Test Cases/New Test Case- compucalitv - Copy (23)" time="17.975" classname="Test Cases/New Test Case- compucalitv - Copy (23)" status="PASSED">
         <system-out><![CDATA[2023-02-14 19:36:10 - [TEST_CASE][PASSED] - Test Cases/New Test Case- compucalitv - Copy (23): Test Cases/New Test Case- compucalitv - Copy (23)

2023-02-14 19:36:11 - [TEST_STEP][PASSED] - openBrowser(""): Browser is opened with url: ''

2023-02-14 19:36:11 - [MESSAGE][INFO] - Starting 'Chrome' driver

2023-02-14 19:36:11 - [MESSAGE][INFO] - Action delay is set to 0 milliseconds

2023-02-14 19:36:13 - [MESSAGE][PASSED] - Browser is opened with url: ''

2023-02-14 19:36:13 - [TEST_STEP][PASSED] - navigateToUrl("https://www.google.com/"): Navigate to 'https://www.google.com/' successfully

2023-02-14 19:36:18 - [MESSAGE][PASSED] - Navigate to 'https://www.google.com/' successfully

2023-02-14 19:36:18 - [TEST_STEP][PASSED] - setText(findTestObject("Object Repository/Page_Google/input__q"), "cines unidos"): Text 'cines unidos' is set on object 'Object Repository/Page_Google/input__q'

2023-02-14 19:36:19 - [MESSAGE][PASSED] - Text 'cines unidos' is set on object 'Object Repository/Page_Google/input__q'

2023-02-14 19:36:19 - [TEST_STEP][PASSED] - sendKeys(findTestObject("Object Repository/Page_Google/input__q"), Keys.chord(ENTER)): Keys 'ENTER + ' sent to object: 'Object Repository/Page_Google/input__q'

2023-02-14 19:36:27 - [MESSAGE][PASSED] - Keys 'ENTER + ' sent to object: 'Object Repository/Page_Google/input__q'

2023-02-14 19:36:27 - [TEST_STEP][PASSED] - closeBrowser(): Browser is closed

2023-02-14 19:36:28 - [MESSAGE][PASSED] - Browser is closed]]></system-out>
         <system-err><![CDATA[]]></system-err>
      </testcase>
      <testcase name="Test Cases/New Test Case- compucalitv - Copy (24)" time="11.805" classname="Test Cases/New Test Case- compucalitv - Copy (24)" status="PASSED">
         <system-out><![CDATA[2023-02-14 19:36:28 - [TEST_CASE][PASSED] - Test Cases/New Test Case- compucalitv - Copy (24): Test Cases/New Test Case- compucalitv - Copy (24)

2023-02-14 19:36:29 - [TEST_STEP][PASSED] - openBrowser(""): Browser is opened with url: ''

2023-02-14 19:36:29 - [MESSAGE][INFO] - Starting 'Chrome' driver

2023-02-14 19:36:29 - [MESSAGE][INFO] - Action delay is set to 0 milliseconds

2023-02-14 19:36:31 - [MESSAGE][PASSED] - Browser is opened with url: ''

2023-02-14 19:36:31 - [TEST_STEP][PASSED] - navigateToUrl("https://www.google.com/"): Navigate to 'https://www.google.com/' successfully

2023-02-14 19:36:33 - [MESSAGE][PASSED] - Navigate to 'https://www.google.com/' successfully

2023-02-14 19:36:33 - [TEST_STEP][PASSED] - setText(findTestObject("Object Repository/Page_Google/input__q"), "cines unidos"): Text 'cines unidos' is set on object 'Object Repository/Page_Google/input__q'

2023-02-14 19:36:34 - [MESSAGE][PASSED] - Text 'cines unidos' is set on object 'Object Repository/Page_Google/input__q'

2023-02-14 19:36:34 - [TEST_STEP][PASSED] - sendKeys(findTestObject("Object Repository/Page_Google/input__q"), Keys.chord(ENTER)): Keys 'ENTER + ' sent to object: 'Object Repository/Page_Google/input__q'

2023-02-14 19:36:39 - [MESSAGE][PASSED] - Keys 'ENTER + ' sent to object: 'Object Repository/Page_Google/input__q'

2023-02-14 19:36:39 - [TEST_STEP][PASSED] - closeBrowser(): Browser is closed

2023-02-14 19:36:40 - [MESSAGE][PASSED] - Browser is closed]]></system-out>
         <system-err><![CDATA[]]></system-err>
      </testcase>
      <testcase name="Test Cases/New Test Case- compucalitv - Copy (3)" time="13.852" classname="Test Cases/New Test Case- compucalitv - Copy (3)" status="PASSED">
         <system-out><![CDATA[2023-02-14 19:36:40 - [TEST_CASE][PASSED] - Test Cases/New Test Case- compucalitv - Copy (3): Test Cases/New Test Case- compucalitv - Copy (3)

2023-02-14 19:36:41 - [TEST_STEP][PASSED] - openBrowser(""): Browser is opened with url: ''

2023-02-14 19:36:41 - [MESSAGE][INFO] - Starting 'Chrome' driver

2023-02-14 19:36:41 - [MESSAGE][INFO] - Action delay is set to 0 milliseconds

2023-02-14 19:36:43 - [MESSAGE][PASSED] - Browser is opened with url: ''

2023-02-14 19:36:43 - [TEST_STEP][PASSED] - navigateToUrl("https://www.google.com/"): Navigate to 'https://www.google.com/' successfully

2023-02-14 19:36:45 - [MESSAGE][PASSED] - Navigate to 'https://www.google.com/' successfully

2023-02-14 19:36:45 - [TEST_STEP][PASSED] - setText(findTestObject("Object Repository/Page_Google/input__q"), "cines unidos"): Text 'cines unidos' is set on object 'Object Repository/Page_Google/input__q'

2023-02-14 19:36:46 - [MESSAGE][PASSED] - Text 'cines unidos' is set on object 'Object Repository/Page_Google/input__q'

2023-02-14 19:36:46 - [TEST_STEP][PASSED] - sendKeys(findTestObject("Object Repository/Page_Google/input__q"), Keys.chord(ENTER)): Keys 'ENTER + ' sent to object: 'Object Repository/Page_Google/input__q'

2023-02-14 19:36:53 - [MESSAGE][PASSED] - Keys 'ENTER + ' sent to object: 'Object Repository/Page_Google/input__q'

2023-02-14 19:36:53 - [TEST_STEP][PASSED] - closeBrowser(): Browser is closed

2023-02-14 19:36:54 - [MESSAGE][PASSED] - Browser is closed]]></system-out>
         <system-err><![CDATA[]]></system-err>
      </testcase>
      <testcase name="Test Cases/New Test Case- compucalitv - Copy (5)" time="16.588" classname="Test Cases/New Test Case- compucalitv - Copy (5)" status="PASSED">
         <system-out><![CDATA[2023-02-14 19:36:54 - [TEST_CASE][PASSED] - Test Cases/New Test Case- compucalitv - Copy (5): Test Cases/New Test Case- compucalitv - Copy (5)

2023-02-14 19:36:54 - [TEST_STEP][PASSED] - openBrowser(""): Browser is opened with url: ''

2023-02-14 19:36:54 - [MESSAGE][INFO] - Starting 'Chrome' driver

2023-02-14 19:36:54 - [MESSAGE][INFO] - Action delay is set to 0 milliseconds

2023-02-14 19:36:57 - [MESSAGE][PASSED] - Browser is opened with url: ''

2023-02-14 19:36:57 - [TEST_STEP][PASSED] - navigateToUrl("https://www.google.com/"): Navigate to 'https://www.google.com/' successfully

2023-02-14 19:37:00 - [MESSAGE][PASSED] - Navigate to 'https://www.google.com/' successfully

2023-02-14 19:37:00 - [TEST_STEP][PASSED] - setText(findTestObject("Object Repository/Page_Google/input__q"), "cines unidos"): Text 'cines unidos' is set on object 'Object Repository/Page_Google/input__q'

2023-02-14 19:37:02 - [MESSAGE][PASSED] - Text 'cines unidos' is set on object 'Object Repository/Page_Google/input__q'

2023-02-14 19:37:02 - [TEST_STEP][PASSED] - sendKeys(findTestObject("Object Repository/Page_Google/input__q"), Keys.chord(ENTER)): Keys 'ENTER + ' sent to object: 'Object Repository/Page_Google/input__q'

2023-02-14 19:37:09 - [MESSAGE][PASSED] - Keys 'ENTER + ' sent to object: 'Object Repository/Page_Google/input__q'

2023-02-14 19:37:09 - [TEST_STEP][PASSED] - closeBrowser(): Browser is closed

2023-02-14 19:37:10 - [MESSAGE][PASSED] - Browser is closed]]></system-out>
         <system-err><![CDATA[]]></system-err>
      </testcase>
      <testcase name="Test Cases/New Test Case- compucalitv - Copy (4)" time="17.614" classname="Test Cases/New Test Case- compucalitv - Copy (4)" status="PASSED">
         <system-out><![CDATA[2023-02-14 19:37:10 - [TEST_CASE][PASSED] - Test Cases/New Test Case- compucalitv - Copy (4): Test Cases/New Test Case- compucalitv - Copy (4)

2023-02-14 19:37:11 - [TEST_STEP][PASSED] - openBrowser(""): Browser is opened with url: ''

2023-02-14 19:37:11 - [MESSAGE][INFO] - Starting 'Chrome' driver

2023-02-14 19:37:11 - [MESSAGE][INFO] - Action delay is set to 0 milliseconds

2023-02-14 19:37:13 - [MESSAGE][PASSED] - Browser is opened with url: ''

2023-02-14 19:37:13 - [TEST_STEP][PASSED] - navigateToUrl("https://www.google.com/"): Navigate to 'https://www.google.com/' successfully

2023-02-14 19:37:17 - [MESSAGE][PASSED] - Navigate to 'https://www.google.com/' successfully

2023-02-14 19:37:17 - [TEST_STEP][PASSED] - setText(findTestObject("Object Repository/Page_Google/input__q"), "cines unidos"): Text 'cines unidos' is set on object 'Object Repository/Page_Google/input__q'

2023-02-14 19:37:18 - [MESSAGE][PASSED] - Text 'cines unidos' is set on object 'Object Repository/Page_Google/input__q'

2023-02-14 19:37:18 - [TEST_STEP][PASSED] - sendKeys(findTestObject("Object Repository/Page_Google/input__q"), Keys.chord(ENTER)): Keys 'ENTER + ' sent to object: 'Object Repository/Page_Google/input__q'

2023-02-14 19:37:27 - [MESSAGE][PASSED] - Keys 'ENTER + ' sent to object: 'Object Repository/Page_Google/input__q'

2023-02-14 19:37:27 - [TEST_STEP][PASSED] - closeBrowser(): Browser is closed

2023-02-14 19:37:28 - [MESSAGE][PASSED] - Browser is closed]]></system-out>
         <system-err><![CDATA[]]></system-err>
      </testcase>
      <testcase name="Test Cases/New Test Case- compucalitv - Copy (6)" time="20.753" classname="Test Cases/New Test Case- compucalitv - Copy (6)" status="PASSED">
         <system-out><![CDATA[2023-02-14 19:37:28 - [TEST_CASE][PASSED] - Test Cases/New Test Case- compucalitv - Copy (6): Test Cases/New Test Case- compucalitv - Copy (6)

2023-02-14 19:37:29 - [TEST_STEP][PASSED] - openBrowser(""): Browser is opened with url: ''

2023-02-14 19:37:29 - [MESSAGE][INFO] - Starting 'Chrome' driver

2023-02-14 19:37:29 - [MESSAGE][INFO] - Action delay is set to 0 milliseconds

2023-02-14 19:37:30 - [MESSAGE][PASSED] - Browser is opened with url: ''

2023-02-14 19:37:30 - [TEST_STEP][PASSED] - navigateToUrl("https://www.google.com/"): Navigate to 'https://www.google.com/' successfully

2023-02-14 19:37:37 - [MESSAGE][PASSED] - Navigate to 'https://www.google.com/' successfully

2023-02-14 19:37:37 - [TEST_STEP][PASSED] - setText(findTestObject("Object Repository/Page_Google/input__q"), "cines unidos"): Text 'cines unidos' is set on object 'Object Repository/Page_Google/input__q'

2023-02-14 19:37:39 - [MESSAGE][PASSED] - Text 'cines unidos' is set on object 'Object Repository/Page_Google/input__q'

2023-02-14 19:37:39 - [TEST_STEP][PASSED] - sendKeys(findTestObject("Object Repository/Page_Google/input__q"), Keys.chord(ENTER)): Keys 'ENTER + ' sent to object: 'Object Repository/Page_Google/input__q'

2023-02-14 19:37:48 - [MESSAGE][PASSED] - Keys 'ENTER + ' sent to object: 'Object Repository/Page_Google/input__q'

2023-02-14 19:37:48 - [TEST_STEP][PASSED] - closeBrowser(): Browser is closed

2023-02-14 19:37:49 - [MESSAGE][PASSED] - Browser is closed]]></system-out>
         <system-err><![CDATA[]]></system-err>
      </testcase>
      <testcase name="Test Cases/New Test Case- compucalitv - Copy (7)" time="26.175" classname="Test Cases/New Test Case- compucalitv - Copy (7)" status="PASSED">
         <system-out><![CDATA[2023-02-14 19:37:49 - [TEST_CASE][PASSED] - Test Cases/New Test Case- compucalitv - Copy (7): Test Cases/New Test Case- compucalitv - Copy (7)

2023-02-14 19:37:50 - [TEST_STEP][PASSED] - openBrowser(""): Browser is opened with url: ''

2023-02-14 19:37:50 - [MESSAGE][INFO] - Starting 'Chrome' driver

2023-02-14 19:37:50 - [MESSAGE][INFO] - Action delay is set to 0 milliseconds

2023-02-14 19:37:52 - [MESSAGE][PASSED] - Browser is opened with url: ''

2023-02-14 19:37:52 - [TEST_STEP][PASSED] - navigateToUrl("https://www.google.com/"): Navigate to 'https://www.google.com/' successfully

2023-02-14 19:38:00 - [MESSAGE][PASSED] - Navigate to 'https://www.google.com/' successfully

2023-02-14 19:38:00 - [TEST_STEP][PASSED] - setText(findTestObject("Object Repository/Page_Google/input__q"), "cines unidos"): Text 'cines unidos' is set on object 'Object Repository/Page_Google/input__q'

2023-02-14 19:38:01 - [MESSAGE][PASSED] - Text 'cines unidos' is set on object 'Object Repository/Page_Google/input__q'

2023-02-14 19:38:01 - [TEST_STEP][PASSED] - sendKeys(findTestObject("Object Repository/Page_Google/input__q"), Keys.chord(ENTER)): Keys 'ENTER + ' sent to object: 'Object Repository/Page_Google/input__q'

2023-02-14 19:38:14 - [MESSAGE][PASSED] - Keys 'ENTER + ' sent to object: 'Object Repository/Page_Google/input__q'

2023-02-14 19:38:14 - [TEST_STEP][PASSED] - closeBrowser(): Browser is closed

2023-02-14 19:38:15 - [MESSAGE][PASSED] - Browser is closed]]></system-out>
         <system-err><![CDATA[]]></system-err>
      </testcase>
      <testcase name="Test Cases/New Test Case- compucalitv - Copy (8)" time="26.664" classname="Test Cases/New Test Case- compucalitv - Copy (8)" status="PASSED">
         <system-out><![CDATA[2023-02-14 19:38:15 - [TEST_CASE][PASSED] - Test Cases/New Test Case- compucalitv - Copy (8): Test Cases/New Test Case- compucalitv - Copy (8)

2023-02-14 19:38:16 - [TEST_STEP][PASSED] - openBrowser(""): Browser is opened with url: ''

2023-02-14 19:38:16 - [MESSAGE][INFO] - Starting 'Chrome' driver

2023-02-14 19:38:16 - [MESSAGE][INFO] - Action delay is set to 0 milliseconds

2023-02-14 19:38:18 - [MESSAGE][PASSED] - Browser is opened with url: ''

2023-02-14 19:38:18 - [TEST_STEP][PASSED] - navigateToUrl("https://www.google.com/"): Navigate to 'https://www.google.com/' successfully

2023-02-14 19:38:26 - [MESSAGE][PASSED] - Navigate to 'https://www.google.com/' successfully

2023-02-14 19:38:26 - [TEST_STEP][PASSED] - setText(findTestObject("Object Repository/Page_Google/input__q"), "cines unidos"): Text 'cines unidos' is set on object 'Object Repository/Page_Google/input__q'

2023-02-14 19:38:26 - [MESSAGE][PASSED] - Text 'cines unidos' is set on object 'Object Repository/Page_Google/input__q'

2023-02-14 19:38:26 - [TEST_STEP][PASSED] - sendKeys(findTestObject("Object Repository/Page_Google/input__q"), Keys.chord(ENTER)): Keys 'ENTER + ' sent to object: 'Object Repository/Page_Google/input__q'

2023-02-14 19:38:40 - [MESSAGE][PASSED] - Keys 'ENTER + ' sent to object: 'Object Repository/Page_Google/input__q'

2023-02-14 19:38:40 - [TEST_STEP][PASSED] - closeBrowser(): Browser is closed

2023-02-14 19:38:42 - [MESSAGE][PASSED] - Browser is closed]]></system-out>
         <system-err><![CDATA[]]></system-err>
      </testcase>
      <testcase name="Test Cases/New Test Case- compucalitv - Copy (9)" time="17.089" classname="Test Cases/New Test Case- compucalitv - Copy (9)" status="PASSED">
         <system-out><![CDATA[2023-02-14 19:38:42 - [TEST_CASE][PASSED] - Test Cases/New Test Case- compucalitv - Copy (9): Test Cases/New Test Case- compucalitv - Copy (9)

2023-02-14 19:38:42 - [TEST_STEP][PASSED] - openBrowser(""): Browser is opened with url: ''

2023-02-14 19:38:42 - [MESSAGE][INFO] - Starting 'Chrome' driver

2023-02-14 19:38:42 - [MESSAGE][INFO] - Action delay is set to 0 milliseconds

2023-02-14 19:38:44 - [MESSAGE][PASSED] - Browser is opened with url: ''

2023-02-14 19:38:44 - [TEST_STEP][PASSED] - navigateToUrl("https://www.google.com/"): Navigate to 'https://www.google.com/' successfully

2023-02-14 19:38:47 - [MESSAGE][PASSED] - Navigate to 'https://www.google.com/' successfully

2023-02-14 19:38:47 - [TEST_STEP][PASSED] - setText(findTestObject("Object Repository/Page_Google/input__q"), "cines unidos"): Text 'cines unidos' is set on object 'Object Repository/Page_Google/input__q'

2023-02-14 19:38:48 - [MESSAGE][PASSED] - Text 'cines unidos' is set on object 'Object Repository/Page_Google/input__q'

2023-02-14 19:38:48 - [TEST_STEP][PASSED] - sendKeys(findTestObject("Object Repository/Page_Google/input__q"), Keys.chord(ENTER)): Keys 'ENTER + ' sent to object: 'Object Repository/Page_Google/input__q'

2023-02-14 19:38:58 - [MESSAGE][PASSED] - Keys 'ENTER + ' sent to object: 'Object Repository/Page_Google/input__q'

2023-02-14 19:38:58 - [TEST_STEP][PASSED] - closeBrowser(): Browser is closed

2023-02-14 19:38:59 - [MESSAGE][PASSED] - Browser is closed]]></system-out>
         <system-err><![CDATA[]]></system-err>
      </testcase>
      <testcase name="Test Cases/New Test Case- compucalitv - Copy - Copy" time="17.842" classname="Test Cases/New Test Case- compucalitv - Copy - Copy" status="PASSED">
         <system-out><![CDATA[2023-02-14 19:38:59 - [TEST_CASE][PASSED] - Test Cases/New Test Case- compucalitv - Copy - Copy: Test Cases/New Test Case- compucalitv - Copy - Copy

2023-02-14 19:38:59 - [TEST_STEP][PASSED] - openBrowser(""): Browser is opened with url: ''

2023-02-14 19:38:59 - [MESSAGE][INFO] - Starting 'Chrome' driver

2023-02-14 19:38:59 - [MESSAGE][INFO] - Action delay is set to 0 milliseconds

2023-02-14 19:39:01 - [MESSAGE][PASSED] - Browser is opened with url: ''

2023-02-14 19:39:01 - [TEST_STEP][PASSED] - navigateToUrl("https://www.google.com/"): Navigate to 'https://www.google.com/' successfully

2023-02-14 19:39:07 - [MESSAGE][PASSED] - Navigate to 'https://www.google.com/' successfully

2023-02-14 19:39:07 - [TEST_STEP][PASSED] - setText(findTestObject("Object Repository/Page_Google/input__q"), "cines unidos"): Text 'cines unidos' is set on object 'Object Repository/Page_Google/input__q'

2023-02-14 19:39:08 - [MESSAGE][PASSED] - Text 'cines unidos' is set on object 'Object Repository/Page_Google/input__q'

2023-02-14 19:39:08 - [TEST_STEP][PASSED] - sendKeys(findTestObject("Object Repository/Page_Google/input__q"), Keys.chord(ENTER)): Keys 'ENTER + ' sent to object: 'Object Repository/Page_Google/input__q'

2023-02-14 19:39:15 - [MESSAGE][PASSED] - Keys 'ENTER + ' sent to object: 'Object Repository/Page_Google/input__q'

2023-02-14 19:39:15 - [TEST_STEP][PASSED] - closeBrowser(): Browser is closed

2023-02-14 19:39:17 - [MESSAGE][PASSED] - Browser is closed]]></system-out>
         <system-err><![CDATA[]]></system-err>
      </testcase>
      <testcase name="Test Cases/New Test Case- compucalitv - Copy" time="16.956" classname="Test Cases/New Test Case- compucalitv - Copy" status="PASSED">
         <system-out><![CDATA[2023-02-14 19:39:17 - [TEST_CASE][PASSED] - Test Cases/New Test Case- compucalitv - Copy: Test Cases/New Test Case- compucalitv - Copy

2023-02-14 19:39:17 - [TEST_STEP][PASSED] - openBrowser(""): Browser is opened with url: ''

2023-02-14 19:39:17 - [MESSAGE][INFO] - Starting 'Chrome' driver

2023-02-14 19:39:17 - [MESSAGE][INFO] - Action delay is set to 0 milliseconds

2023-02-14 19:39:19 - [MESSAGE][PASSED] - Browser is opened with url: ''

2023-02-14 19:39:19 - [TEST_STEP][PASSED] - navigateToUrl("https://www.google.com/"): Navigate to 'https://www.google.com/' successfully

2023-02-14 19:39:23 - [MESSAGE][PASSED] - Navigate to 'https://www.google.com/' successfully

2023-02-14 19:39:23 - [TEST_STEP][PASSED] - setText(findTestObject("Object Repository/Page_Google/input__q"), "cines unidos"): Text 'cines unidos' is set on object 'Object Repository/Page_Google/input__q'

2023-02-14 19:39:24 - [MESSAGE][PASSED] - Text 'cines unidos' is set on object 'Object Repository/Page_Google/input__q'

2023-02-14 19:39:24 - [TEST_STEP][PASSED] - sendKeys(findTestObject("Object Repository/Page_Google/input__q"), Keys.chord(ENTER)): Keys 'ENTER + ' sent to object: 'Object Repository/Page_Google/input__q'

2023-02-14 19:39:33 - [MESSAGE][PASSED] - Keys 'ENTER + ' sent to object: 'Object Repository/Page_Google/input__q'

2023-02-14 19:39:33 - [TEST_STEP][PASSED] - closeBrowser(): Browser is closed

2023-02-14 19:39:34 - [MESSAGE][PASSED] - Browser is closed]]></system-out>
         <system-err><![CDATA[]]></system-err>
      </testcase>
      <testcase name="Test Cases/New Test Case- compucalitv" time="15.206" classname="Test Cases/New Test Case- compucalitv" status="PASSED">
         <system-out><![CDATA[2023-02-14 19:39:34 - [TEST_CASE][PASSED] - Test Cases/New Test Case- compucalitv: Test Cases/New Test Case- compucalitv

2023-02-14 19:39:34 - [TEST_STEP][PASSED] - openBrowser(""): Browser is opened with url: ''

2023-02-14 19:39:34 - [MESSAGE][INFO] - Starting 'Chrome' driver

2023-02-14 19:39:34 - [MESSAGE][INFO] - Action delay is set to 0 milliseconds

2023-02-14 19:39:36 - [MESSAGE][PASSED] - Browser is opened with url: ''

2023-02-14 19:39:36 - [TEST_STEP][PASSED] - navigateToUrl("https://www.google.com/"): Navigate to 'https://www.google.com/' successfully

2023-02-14 19:39:40 - [MESSAGE][PASSED] - Navigate to 'https://www.google.com/' successfully

2023-02-14 19:39:40 - [TEST_STEP][PASSED] - setText(findTestObject("Object Repository/Page_Google/input__q"), "cines unidos"): Text 'cines unidos' is set on object 'Object Repository/Page_Google/input__q'

2023-02-14 19:39:40 - [MESSAGE][PASSED] - Text 'cines unidos' is set on object 'Object Repository/Page_Google/input__q'

2023-02-14 19:39:40 - [TEST_STEP][PASSED] - sendKeys(findTestObject("Object Repository/Page_Google/input__q"), Keys.chord(ENTER)): Keys 'ENTER + ' sent to object: 'Object Repository/Page_Google/input__q'

2023-02-14 19:39:48 - [MESSAGE][PASSED] - Keys 'ENTER + ' sent to object: 'Object Repository/Page_Google/input__q'

2023-02-14 19:39:48 - [TEST_STEP][PASSED] - closeBrowser(): Browser is closed

2023-02-14 19:39:49 - [MESSAGE][PASSED] - Browser is closed]]></system-out>
         <system-err><![CDATA[]]></system-err>
      </testcase>
      <system-out><![CDATA[2023-02-14 19:31:11 - [TEST_SUITE][PASSED] - Test Suite del chunguito: Test Cases/New Test Case- compucalitv]]></system-out>
      <system-err><![CDATA[]]></system-err>
   </testsuite>
</testsuites>
