<?xml version="1.0" encoding="UTF-8"?>
<testsuites name="New Test Suite pulpito repetido - Copy (2)" time="54.475" tests="1" failures="0" errors="0">
   <testsuite name="New Test Suite pulpito repetido - Copy (2)" tests="1" failures="0" errors="0" time="54.475" skipped="0" timestamp="2023-02-16 18:49:28" hostname="hexas - DESKTOP-C94ONF5" id="Test Suites/New Test Suite pulpito repetido - Copy (2)">
      <properties>
         <property name="deviceName" value=""/>
         <property name="devicePlatform" value=""/>
         <property name="logFolder" value="C:\\Users\\hexas\\git\\chungu\\Reports\\20230216_184903\\New Test Suite pulpito repetido - Copy (2)\\20230216_184905"/>
         <property name="logFiles" value="C:\\Users\\hexas\\git\\chungu\\Reports\\20230216_184903\\New Test Suite pulpito repetido - Copy (2)\\20230216_184905\\execution0.log"/>
         <property name="attachments" value=""/>
         <property name="hostName" value="hexas - DESKTOP-C94ONF5"/>
         <property name="os" value="Windows 10 64bit"/>
         <property name="katalonVersion" value="8.5.5.208"/>
         <property name="browser" value="Chrome 110.0.0.0"/>
         <property name="hostAddress" value="192.168.2.7"/>
         <property name="sessionId" value="c2dede29e51961ae5d77099080eb9ee1"/>
         <property name="seleniumVersion" value="3.141.59"/>
         <property name="proxyInformation" value="ProxyInformation { proxyOption=NO_PROXY, proxyServerType=HTTP, username=, password=********, proxyServerAddress=, proxyServerPort=0, executionList=&quot;&quot;, isApplyToDesiredCapabilities=true }"/>
         <property name="platform" value="Windows 10"/>
      </properties>
      <testcase name="Test Cases/New Test Case- compucalitv - Copy (9)" time="52.513" classname="Test Cases/New Test Case- compucalitv - Copy (9)" status="PASSED">
         <system-out><![CDATA[2023-02-16 18:49:30 - [TEST_CASE][PASSED] - Test Cases/New Test Case- compucalitv - Copy (9): Test Cases/New Test Case- compucalitv - Copy (9)

2023-02-16 18:49:33 - [TEST_STEP][PASSED] - openBrowser(""): Browser is opened with url: ''

2023-02-16 18:49:34 - [MESSAGE][INFO] - Starting 'Chrome' driver

2023-02-16 18:49:35 - [MESSAGE][INFO] - Action delay is set to 0 milliseconds

2023-02-16 18:49:48 - [MESSAGE][PASSED] - Browser is opened with url: ''

2023-02-16 18:49:48 - [TEST_STEP][PASSED] - navigateToUrl("https://www.google.com/"): Navigate to 'https://www.google.com/' successfully

2023-02-16 18:49:59 - [MESSAGE][PASSED] - Navigate to 'https://www.google.com/' successfully

2023-02-16 18:49:59 - [TEST_STEP][PASSED] - setText(findTestObject("Object Repository/Page_Google/input__q"), "cines unidos"): Text 'cines unidos' is set on object 'Object Repository/Page_Google/input__q'

2023-02-16 18:50:02 - [MESSAGE][PASSED] - Text 'cines unidos' is set on object 'Object Repository/Page_Google/input__q'

2023-02-16 18:50:02 - [TEST_STEP][PASSED] - sendKeys(findTestObject("Object Repository/Page_Google/input__q"), Keys.chord(ENTER)): Keys 'ENTER + ' sent to object: 'Object Repository/Page_Google/input__q'

2023-02-16 18:50:17 - [MESSAGE][PASSED] - Keys 'ENTER + ' sent to object: 'Object Repository/Page_Google/input__q'

2023-02-16 18:50:17 - [TEST_STEP][PASSED] - closeBrowser(): Browser is closed

2023-02-16 18:50:23 - [MESSAGE][PASSED] - Browser is closed]]></system-out>
         <system-err><![CDATA[]]></system-err>
      </testcase>
      <system-out><![CDATA[2023-02-16 18:49:28 - [TEST_SUITE][PASSED] - New Test Suite pulpito repetido - Copy (2): Test Cases/New Test Case- compucalitv - Copy (9)]]></system-out>
      <system-err><![CDATA[]]></system-err>
   </testsuite>
</testsuites>
