<?xml version="1.0" encoding="UTF-8"?>
<testsuites name="New Test Suite Collection cuatro angelito" time="171.334" tests="2" failures="0" errors="0">
   <testsuite name="New Test Suite pulpito repetido - Copy (20)" tests="1" failures="0" errors="0" time="89.475" skipped="0" timestamp="2023-02-16 18:49:41" hostname="hexas - DESKTOP-C94ONF5" id="Test Suites/New Test Suite pulpito repetido - Copy (20)">
      <properties>
         <property name="deviceName" value=""/>
         <property name="devicePlatform" value=""/>
         <property name="logFolder" value="C:\\Users\\hexas\\git\\chungu\\Reports\\20230216_184908\\New Test Suite pulpito repetido - Copy (20)\\20230216_184911"/>
         <property name="logFiles" value="C:\\Users\\hexas\\git\\chungu\\Reports\\20230216_184908\\New Test Suite pulpito repetido - Copy (20)\\20230216_184911\\execution0.log"/>
         <property name="attachments" value=""/>
         <property name="hostName" value="hexas - DESKTOP-C94ONF5"/>
         <property name="os" value="Windows 10 64bit"/>
         <property name="katalonVersion" value="8.5.5.208"/>
         <property name="browser" value="Chrome 110.0.0.0"/>
         <property name="hostAddress" value="192.168.2.7"/>
         <property name="sessionId" value="479481e2a8a7c87af6475f6c6f76e5e6"/>
         <property name="seleniumVersion" value="3.141.59"/>
         <property name="proxyInformation" value="ProxyInformation { proxyOption=NO_PROXY, proxyServerType=HTTP, username=, password=********, proxyServerAddress=, proxyServerPort=0, executionList=&quot;&quot;, isApplyToDesiredCapabilities=true }"/>
         <property name="platform" value="Windows 10"/>
      </properties>
      <testcase name="Test Cases/Test como crear un pulpito - Copy (18)" time="87.548" classname="Test Cases/Test como crear un pulpito - Copy (18)" status="PASSED">
         <system-out><![CDATA[2023-02-16 18:49:43 - [TEST_CASE][PASSED] - Test Cases/Test como crear un pulpito - Copy (18): Test Cases/Test como crear un pulpito - Copy (18)

2023-02-16 18:49:47 - [TEST_STEP][PASSED] - openBrowser(""): Browser is opened with url: ''

2023-02-16 18:49:51 - [MESSAGE][INFO] - Starting 'Chrome' driver

2023-02-16 18:49:51 - [MESSAGE][INFO] - Action delay is set to 0 milliseconds

2023-02-16 18:49:58 - [MESSAGE][PASSED] - Browser is opened with url: ''

2023-02-16 18:49:58 - [TEST_STEP][PASSED] - navigateToUrl("https://www.google.com/"): Navigate to 'https://www.google.com/' successfully

2023-02-16 18:50:04 - [MESSAGE][PASSED] - Navigate to 'https://www.google.com/' successfully

2023-02-16 18:50:04 - [TEST_STEP][PASSED] - setText(findTestObject("Object Repository/Page_Google/input__q (1)"), "como hacer un pulpito"): Text 'como hacer un pulpito' is set on object 'Object Repository/Page_Google/input__q (1)'

2023-02-16 18:50:07 - [MESSAGE][PASSED] - Text 'como hacer un pulpito' is set on object 'Object Repository/Page_Google/input__q (1)'

2023-02-16 18:50:07 - [TEST_STEP][PASSED] - sendKeys(findTestObject("Object Repository/Page_Google/input__q (1)"), Keys.chord(ENTER)): Keys 'ENTER + ' sent to object: 'Object Repository/Page_Google/input__q (1)'

2023-02-16 18:51:00 - [MESSAGE][PASSED] - Keys 'ENTER + ' sent to object: 'Object Repository/Page_Google/input__q (1)'

2023-02-16 18:51:00 - [TEST_STEP][PASSED] - closeBrowser(): Browser is closed

2023-02-16 18:51:10 - [MESSAGE][PASSED] - Browser is closed]]></system-out>
         <system-err><![CDATA[]]></system-err>
      </testcase>
      <system-out><![CDATA[2023-02-16 18:49:41 - [TEST_SUITE][PASSED] - New Test Suite pulpito repetido - Copy (20): Test Cases/Test como crear un pulpito - Copy (18)]]></system-out>
      <system-err><![CDATA[]]></system-err>
   </testsuite>
   <testsuite name="New Test Suite pulpito repetido - Copy (21)" tests="1" failures="0" errors="0" time="52.021" skipped="0" timestamp="2023-02-16 18:51:31" hostname="hexas - DESKTOP-C94ONF5" id="Test Suites/New Test Suite pulpito repetido - Copy (21)">
      <properties>
         <property name="deviceName" value=""/>
         <property name="devicePlatform" value=""/>
         <property name="logFolder" value="C:\\Users\\hexas\\git\\chungu\\Reports\\20230216_184908\\New Test Suite pulpito repetido - Copy (21)\\20230216_184919"/>
         <property name="logFiles" value="C:\\Users\\hexas\\git\\chungu\\Reports\\20230216_184908\\New Test Suite pulpito repetido - Copy (21)\\20230216_184919\\execution0.log"/>
         <property name="attachments" value=""/>
         <property name="hostName" value="hexas - DESKTOP-C94ONF5"/>
         <property name="os" value="Windows 10 64bit"/>
         <property name="katalonVersion" value="8.5.5.208"/>
         <property name="browser" value="Chrome 110.0.0.0"/>
         <property name="hostAddress" value="192.168.2.7"/>
         <property name="sessionId" value="75d85189621125992d606303d9033c8e"/>
         <property name="seleniumVersion" value="3.141.59"/>
         <property name="proxyInformation" value="ProxyInformation { proxyOption=NO_PROXY, proxyServerType=HTTP, username=, password=********, proxyServerAddress=, proxyServerPort=0, executionList=&quot;&quot;, isApplyToDesiredCapabilities=true }"/>
         <property name="platform" value="Windows 10"/>
      </properties>
      <testcase name="Test Cases/Test como crear un pulpito - Copy (15)" time="50.365" classname="Test Cases/Test como crear un pulpito - Copy (15)" status="PASSED">
         <system-out><![CDATA[2023-02-16 18:51:33 - [TEST_CASE][PASSED] - Test Cases/Test como crear un pulpito - Copy (15): Test Cases/Test como crear un pulpito - Copy (15)

2023-02-16 18:51:35 - [TEST_STEP][PASSED] - openBrowser(""): Browser is opened with url: ''

2023-02-16 18:51:37 - [MESSAGE][INFO] - Starting 'Chrome' driver

2023-02-16 18:51:37 - [MESSAGE][INFO] - Action delay is set to 0 milliseconds

2023-02-16 18:51:43 - [MESSAGE][PASSED] - Browser is opened with url: ''

2023-02-16 18:51:43 - [TEST_STEP][PASSED] - navigateToUrl("https://www.google.com/"): Navigate to 'https://www.google.com/' successfully

2023-02-16 18:51:51 - [MESSAGE][PASSED] - Navigate to 'https://www.google.com/' successfully

2023-02-16 18:51:51 - [TEST_STEP][PASSED] - setText(findTestObject("Object Repository/Page_Google/input__q (1)"), "como hacer un pulpito"): Text 'como hacer un pulpito' is set on object 'Object Repository/Page_Google/input__q (1)'

2023-02-16 18:51:52 - [MESSAGE][PASSED] - Text 'como hacer un pulpito' is set on object 'Object Repository/Page_Google/input__q (1)'

2023-02-16 18:51:52 - [TEST_STEP][PASSED] - sendKeys(findTestObject("Object Repository/Page_Google/input__q (1)"), Keys.chord(ENTER)): Keys 'ENTER + ' sent to object: 'Object Repository/Page_Google/input__q (1)'

2023-02-16 18:52:22 - [MESSAGE][PASSED] - Keys 'ENTER + ' sent to object: 'Object Repository/Page_Google/input__q (1)'

2023-02-16 18:52:22 - [TEST_STEP][PASSED] - closeBrowser(): Browser is closed

2023-02-16 18:52:23 - [MESSAGE][PASSED] - Browser is closed]]></system-out>
         <system-err><![CDATA[]]></system-err>
      </testcase>
      <system-out><![CDATA[2023-02-16 18:51:31 - [TEST_SUITE][PASSED] - New Test Suite pulpito repetido - Copy (21): Test Cases/Test como crear un pulpito - Copy (15)]]></system-out>
      <system-err><![CDATA[]]></system-err>
   </testsuite>
</testsuites>
