<?xml version="1.0" encoding="UTF-8"?>
<testsuites name="New Test Suite Collection diablito uno" time="221.222" tests="2" failures="0" errors="0">
   <testsuite name="New Test Suite pulpito repetido - Copy (11)" tests="1" failures="0" errors="0" time="114.57" skipped="0" timestamp="2023-02-16 20:41:51" hostname="hexas - DESKTOP-C94ONF5" id="Test Suites/New Test Suite pulpito repetido - Copy (11)">
      <properties>
         <property name="deviceName" value=""/>
         <property name="devicePlatform" value=""/>
         <property name="logFolder" value="C:\\Users\\hexas\\git\\chungu\\Reports\\20230216_204132\\New Test Suite pulpito repetido - Copy (11)\\20230216_204133"/>
         <property name="logFiles" value="C:\\Users\\hexas\\git\\chungu\\Reports\\20230216_204132\\New Test Suite pulpito repetido - Copy (11)\\20230216_204133\\execution0.log"/>
         <property name="attachments" value=""/>
         <property name="hostName" value="hexas - DESKTOP-C94ONF5"/>
         <property name="os" value="Windows 10 64bit"/>
         <property name="katalonVersion" value="8.5.5.208"/>
         <property name="browser" value="Chrome 110.0.0.0"/>
         <property name="hostAddress" value="192.168.2.7"/>
         <property name="sessionId" value="d6bb9281507b65771dc31b44739eb802"/>
         <property name="seleniumVersion" value="3.141.59"/>
         <property name="proxyInformation" value="ProxyInformation { proxyOption=NO_PROXY, proxyServerType=HTTP, username=, password=********, proxyServerAddress=, proxyServerPort=0, executionList=&quot;&quot;, isApplyToDesiredCapabilities=true }"/>
         <property name="platform" value="Windows 10"/>
      </properties>
      <testcase name="Test Cases/Test como crear un pulpito - Copy (29)" time="111.967" classname="Test Cases/Test como crear un pulpito - Copy (29)" status="PASSED">
         <system-out><![CDATA[2023-02-16 20:41:54 - [TEST_CASE][PASSED] - Test Cases/Test como crear un pulpito - Copy (29): Test Cases/Test como crear un pulpito - Copy (29)

2023-02-16 20:41:57 - [TEST_STEP][PASSED] - openBrowser(""): Browser is opened with url: ''

2023-02-16 20:41:59 - [MESSAGE][INFO] - Starting 'Chrome' driver

2023-02-16 20:42:00 - [MESSAGE][INFO] - Action delay is set to 0 milliseconds

2023-02-16 20:42:10 - [MESSAGE][PASSED] - Browser is opened with url: ''

2023-02-16 20:42:10 - [TEST_STEP][PASSED] - navigateToUrl("https://www.google.com/"): Navigate to 'https://www.google.com/' successfully

2023-02-16 20:42:21 - [MESSAGE][PASSED] - Navigate to 'https://www.google.com/' successfully

2023-02-16 20:42:21 - [TEST_STEP][PASSED] - setText(findTestObject("Object Repository/Page_Google/input__q (1)"), "como hacer un pulpito"): Text 'como hacer un pulpito' is set on object 'Object Repository/Page_Google/input__q (1)'

2023-02-16 20:42:25 - [MESSAGE][PASSED] - Text 'como hacer un pulpito' is set on object 'Object Repository/Page_Google/input__q (1)'

2023-02-16 20:42:25 - [TEST_STEP][PASSED] - sendKeys(findTestObject("Object Repository/Page_Google/input__q (1)"), Keys.chord(ENTER)): Keys 'ENTER + ' sent to object: 'Object Repository/Page_Google/input__q (1)'

2023-02-16 20:43:44 - [MESSAGE][PASSED] - Keys 'ENTER + ' sent to object: 'Object Repository/Page_Google/input__q (1)'

2023-02-16 20:43:44 - [TEST_STEP][PASSED] - closeBrowser(): Browser is closed

2023-02-16 20:43:46 - [MESSAGE][PASSED] - Browser is closed]]></system-out>
         <system-err><![CDATA[]]></system-err>
      </testcase>
      <system-out><![CDATA[2023-02-16 20:41:51 - [TEST_SUITE][PASSED] - New Test Suite pulpito repetido - Copy (11): Test Cases/Test como crear un pulpito - Copy (29)]]></system-out>
      <system-err><![CDATA[]]></system-err>
   </testsuite>
   <testsuite name="New Test Suite pulpito repetido - Copy (12)" tests="1" failures="0" errors="0" time="76.325" skipped="0" timestamp="2023-02-16 20:44:01" hostname="hexas - DESKTOP-C94ONF5" id="Test Suites/New Test Suite pulpito repetido - Copy (12)">
      <properties>
         <property name="deviceName" value=""/>
         <property name="devicePlatform" value=""/>
         <property name="logFolder" value="C:\\Users\\hexas\\git\\chungu\\Reports\\20230216_204132\\New Test Suite pulpito repetido - Copy (12)\\20230216_204136"/>
         <property name="logFiles" value="C:\\Users\\hexas\\git\\chungu\\Reports\\20230216_204132\\New Test Suite pulpito repetido - Copy (12)\\20230216_204136\\execution0.log"/>
         <property name="attachments" value=""/>
         <property name="hostName" value="hexas - DESKTOP-C94ONF5"/>
         <property name="os" value="Windows 10 64bit"/>
         <property name="katalonVersion" value="8.5.5.208"/>
         <property name="browser" value="Chrome 110.0.0.0"/>
         <property name="hostAddress" value="192.168.2.7"/>
         <property name="sessionId" value="3b10eaeb0a03d367be356ffde94581aa"/>
         <property name="seleniumVersion" value="3.141.59"/>
         <property name="proxyInformation" value="ProxyInformation { proxyOption=NO_PROXY, proxyServerType=HTTP, username=, password=********, proxyServerAddress=, proxyServerPort=0, executionList=&quot;&quot;, isApplyToDesiredCapabilities=true }"/>
         <property name="platform" value="Windows 10"/>
      </properties>
      <testcase name="Test Cases/Test como crear un pulpito - Copy (4)" time="74.259" classname="Test Cases/Test como crear un pulpito - Copy (4)" status="PASSED">
         <system-out><![CDATA[2023-02-16 20:44:03 - [TEST_CASE][PASSED] - Test Cases/Test como crear un pulpito - Copy (4): Test Cases/Test como crear un pulpito - Copy (4)

2023-02-16 20:44:06 - [TEST_STEP][PASSED] - openBrowser(""): Browser is opened with url: ''

2023-02-16 20:44:10 - [MESSAGE][INFO] - Starting 'Chrome' driver

2023-02-16 20:44:10 - [MESSAGE][INFO] - Action delay is set to 0 milliseconds

2023-02-16 20:44:23 - [MESSAGE][PASSED] - Browser is opened with url: ''

2023-02-16 20:44:23 - [TEST_STEP][PASSED] - navigateToUrl("https://www.google.com/"): Navigate to 'https://www.google.com/' successfully

2023-02-16 20:44:30 - [MESSAGE][PASSED] - Navigate to 'https://www.google.com/' successfully

2023-02-16 20:44:30 - [TEST_STEP][PASSED] - setText(findTestObject("Object Repository/Page_Google/input__q (1)"), "como hacer un pulpito"): Text 'como hacer un pulpito' is set on object 'Object Repository/Page_Google/input__q (1)'

2023-02-16 20:44:34 - [MESSAGE][PASSED] - Text 'como hacer un pulpito' is set on object 'Object Repository/Page_Google/input__q (1)'

2023-02-16 20:44:34 - [TEST_STEP][PASSED] - sendKeys(findTestObject("Object Repository/Page_Google/input__q (1)"), Keys.chord(ENTER)): Keys 'ENTER + ' sent to object: 'Object Repository/Page_Google/input__q (1)'

2023-02-16 20:45:16 - [MESSAGE][PASSED] - Keys 'ENTER + ' sent to object: 'Object Repository/Page_Google/input__q (1)'

2023-02-16 20:45:16 - [TEST_STEP][PASSED] - closeBrowser(): Browser is closed

2023-02-16 20:45:17 - [MESSAGE][PASSED] - Browser is closed]]></system-out>
         <system-err><![CDATA[]]></system-err>
      </testcase>
      <system-out><![CDATA[2023-02-16 20:44:01 - [TEST_SUITE][PASSED] - New Test Suite pulpito repetido - Copy (12): Test Cases/Test como crear un pulpito - Copy (4)]]></system-out>
      <system-err><![CDATA[]]></system-err>
   </testsuite>
</testsuites>
