<?xml version="1.0" encoding="UTF-8"?>
<testsuites name="New Test Suite pulpito repetido - Copy (18)" time="68.14" tests="1" failures="0" errors="0">
   <testsuite name="New Test Suite pulpito repetido - Copy (18)" tests="1" failures="0" errors="0" time="68.14" skipped="0" timestamp="2023-02-16 15:23:56" hostname="hexas - DESKTOP-C94ONF5" id="Test Suites/New Test Suite pulpito repetido - Copy (18)">
      <properties>
         <property name="deviceName" value=""/>
         <property name="devicePlatform" value=""/>
         <property name="logFolder" value="C:\\Users\\hexas\\git\\chungu\\Reports\\20230216_152139\\New Test Suite pulpito repetido - Copy (18)\\20230216_152145"/>
         <property name="logFiles" value="C:\\Users\\hexas\\git\\chungu\\Reports\\20230216_152139\\New Test Suite pulpito repetido - Copy (18)\\20230216_152145\\execution0.log"/>
         <property name="attachments" value=""/>
         <property name="hostName" value="hexas - DESKTOP-C94ONF5"/>
         <property name="os" value="Windows 10 64bit"/>
         <property name="katalonVersion" value="8.5.5.208"/>
         <property name="browser" value="Chrome 110.0.0.0"/>
         <property name="hostAddress" value="192.168.2.7"/>
         <property name="sessionId" value="57a8da6cc0c6986f2cae91ef98b6bd87"/>
         <property name="seleniumVersion" value="3.141.59"/>
         <property name="proxyInformation" value="ProxyInformation { proxyOption=NO_PROXY, proxyServerType=HTTP, username=, password=********, proxyServerAddress=, proxyServerPort=0, executionList=&quot;&quot;, isApplyToDesiredCapabilities=true }"/>
         <property name="platform" value="Windows 10"/>
      </properties>
      <testcase name="Test Cases/Test como crear un pulpito - Copy (6)" time="66.52" classname="Test Cases/Test como crear un pulpito - Copy (6)" status="PASSED">
         <system-out><![CDATA[2023-02-16 15:23:57 - [TEST_CASE][PASSED] - Test Cases/Test como crear un pulpito - Copy (6): Test Cases/Test como crear un pulpito - Copy (6)

2023-02-16 15:24:00 - [TEST_STEP][PASSED] - openBrowser(""): Browser is opened with url: ''

2023-02-16 15:24:03 - [MESSAGE][INFO] - Starting 'Chrome' driver

2023-02-16 15:24:03 - [MESSAGE][INFO] - Action delay is set to 0 milliseconds

2023-02-16 15:24:12 - [MESSAGE][PASSED] - Browser is opened with url: ''

2023-02-16 15:24:12 - [TEST_STEP][PASSED] - navigateToUrl("https://www.google.com/"): Navigate to 'https://www.google.com/' successfully

2023-02-16 15:24:23 - [MESSAGE][PASSED] - Navigate to 'https://www.google.com/' successfully

2023-02-16 15:24:23 - [TEST_STEP][PASSED] - setText(findTestObject("Object Repository/Page_Google/input__q (1)"), "como hacer un pulpito"): Text 'como hacer un pulpito' is set on object 'Object Repository/Page_Google/input__q (1)'

2023-02-16 15:24:27 - [MESSAGE][PASSED] - Text 'como hacer un pulpito' is set on object 'Object Repository/Page_Google/input__q (1)'

2023-02-16 15:24:27 - [TEST_STEP][PASSED] - sendKeys(findTestObject("Object Repository/Page_Google/input__q (1)"), Keys.chord(ENTER)): Keys 'ENTER + ' sent to object: 'Object Repository/Page_Google/input__q (1)'

2023-02-16 15:25:02 - [MESSAGE][PASSED] - Keys 'ENTER + ' sent to object: 'Object Repository/Page_Google/input__q (1)'

2023-02-16 15:25:02 - [TEST_STEP][PASSED] - closeBrowser(): Browser is closed

2023-02-16 15:25:04 - [MESSAGE][PASSED] - Browser is closed]]></system-out>
         <system-err><![CDATA[]]></system-err>
      </testcase>
      <system-out><![CDATA[2023-02-16 15:23:56 - [TEST_SUITE][PASSED] - New Test Suite pulpito repetido - Copy (18): Test Cases/Test como crear un pulpito - Copy (6)]]></system-out>
      <system-err><![CDATA[]]></system-err>
   </testsuite>
</testsuites>
