<?xml version="1.0" encoding="UTF-8"?>
<testsuites name="New Test Suite pulpito repetido" time="32.818" tests="2" failures="0" errors="0">
   <testsuite name="New Test Suite pulpito repetido" tests="2" failures="0" errors="0" time="32.818" skipped="0" timestamp="2023-02-14 19:23:47" hostname="hexas - DESKTOP-C94ONF5.mshome.net" id="Test Suites/New Test Suite pulpito repetido">
      <properties>
         <property name="deviceName" value=""/>
         <property name="devicePlatform" value=""/>
         <property name="logFolder" value="C:\\Users\\hexas\\git\\chungu\\Reports\\20230214_190752\\New Test Suite pulpito repetido\\20230214_190846"/>
         <property name="logFiles" value="C:\\Users\\hexas\\git\\chungu\\Reports\\20230214_190752\\New Test Suite pulpito repetido\\20230214_190846\\execution0.log"/>
         <property name="attachments" value=""/>
         <property name="hostName" value="hexas - DESKTOP-C94ONF5.mshome.net"/>
         <property name="os" value="Windows 10 64bit"/>
         <property name="katalonVersion" value="8.5.5.208"/>
         <property name="browser" value="Chrome 110.0.0.0"/>
         <property name="hostAddress" value="192.168.137.1"/>
         <property name="sessionId" value="02842e24afb4beaff7a705562b80d850"/>
         <property name="seleniumVersion" value="3.141.59"/>
         <property name="proxyInformation" value="ProxyInformation { proxyOption=NO_PROXY, proxyServerType=HTTP, username=, password=********, proxyServerAddress=, proxyServerPort=0, executionList=&quot;&quot;, isApplyToDesiredCapabilities=true }"/>
         <property name="platform" value="Windows 10"/>
      </properties>
      <testcase name="Test Cases/New Test Case - calamar - Copy (1)" time="17.481" classname="Test Cases/New Test Case - calamar - Copy (1)" status="PASSED">
         <system-out><![CDATA[2023-02-14 19:23:48 - [TEST_CASE][PASSED] - Test Cases/New Test Case - calamar - Copy (1): Test Cases/New Test Case - calamar - Copy (1)

2023-02-14 19:23:49 - [TEST_STEP][PASSED] - openBrowser(""): Browser is opened with url: ''

2023-02-14 19:23:49 - [MESSAGE][INFO] - Starting 'Chrome' driver

2023-02-14 19:23:50 - [MESSAGE][INFO] - Action delay is set to 0 milliseconds

2023-02-14 19:23:53 - [MESSAGE][PASSED] - Browser is opened with url: ''

2023-02-14 19:23:53 - [TEST_STEP][PASSED] - navigateToUrl("https://compucalitv.org/"): Navigate to 'https://compucalitv.org/' successfully

2023-02-14 19:23:59 - [MESSAGE][PASSED] - Navigate to 'https://compucalitv.org/' successfully

2023-02-14 19:23:59 - [TEST_STEP][PASSED] - click(findTestObject("Object Repository/Page_CompucaliTV  Ocio y Entretenimiento/a_Pelculas")): Object: 'Object Repository/Page_CompucaliTV  Ocio y Entretenimiento/a_Pelculas' is clicked on

2023-02-14 19:24:04 - [MESSAGE][PASSED] - Object: 'Object Repository/Page_CompucaliTV  Ocio y Entretenimiento/a_Pelculas' is clicked on

2023-02-14 19:24:04 - [TEST_STEP][PASSED] - closeBrowser(): Browser is closed

2023-02-14 19:24:05 - [MESSAGE][PASSED] - Browser is closed]]></system-out>
         <system-err><![CDATA[]]></system-err>
      </testcase>
      <testcase name="Test Cases/New Test Case - calamar - Copy (2)" time="14.526" classname="Test Cases/New Test Case - calamar - Copy (2)" status="PASSED">
         <system-out><![CDATA[2023-02-14 19:24:05 - [TEST_CASE][PASSED] - Test Cases/New Test Case - calamar - Copy (2): Test Cases/New Test Case - calamar - Copy (2)

2023-02-14 19:24:06 - [TEST_STEP][PASSED] - openBrowser(""): Browser is opened with url: ''

2023-02-14 19:24:06 - [MESSAGE][INFO] - Starting 'Chrome' driver

2023-02-14 19:24:06 - [MESSAGE][INFO] - Action delay is set to 0 milliseconds

2023-02-14 19:24:08 - [MESSAGE][PASSED] - Browser is opened with url: ''

2023-02-14 19:24:08 - [TEST_STEP][PASSED] - navigateToUrl("https://compucalitv.org/"): Navigate to 'https://compucalitv.org/' successfully

2023-02-14 19:24:12 - [MESSAGE][PASSED] - Navigate to 'https://compucalitv.org/' successfully

2023-02-14 19:24:12 - [TEST_STEP][PASSED] - click(findTestObject("Object Repository/Page_CompucaliTV  Ocio y Entretenimiento/a_Pelculas")): Object: 'Object Repository/Page_CompucaliTV  Ocio y Entretenimiento/a_Pelculas' is clicked on

2023-02-14 19:24:18 - [MESSAGE][PASSED] - Object: 'Object Repository/Page_CompucaliTV  Ocio y Entretenimiento/a_Pelculas' is clicked on

2023-02-14 19:24:18 - [TEST_STEP][PASSED] - closeBrowser(): Browser is closed

2023-02-14 19:24:20 - [MESSAGE][PASSED] - Browser is closed]]></system-out>
         <system-err><![CDATA[]]></system-err>
      </testcase>
      <system-out><![CDATA[2023-02-14 19:23:47 - [TEST_SUITE][PASSED] - New Test Suite pulpito repetido: Test Cases/New Test Case - calamar - Copy (2)]]></system-out>
      <system-err><![CDATA[]]></system-err>
   </testsuite>
</testsuites>
