<?xml version="1.0" encoding="UTF-8"?>
<testsuites name="New Test Suite pulpito repetido - Copy (1)" time="139.393" tests="2" failures="0" errors="0">
   <testsuite name="New Test Suite pulpito repetido - Copy (1)" tests="2" failures="0" errors="0" time="139.393" skipped="0" timestamp="2023-02-16 15:01:44" hostname="hexas - DESKTOP-C94ONF5" id="Test Suites/New Test Suite pulpito repetido - Copy (1)">
      <properties>
         <property name="deviceName" value=""/>
         <property name="devicePlatform" value=""/>
         <property name="logFolder" value="C:\\Users\\hexas\\git\\chungu\\Reports\\20230216_150133\\New Test Suite pulpito repetido - Copy (1)\\20230216_150133"/>
         <property name="logFiles" value="C:\\Users\\hexas\\git\\chungu\\Reports\\20230216_150133\\New Test Suite pulpito repetido - Copy (1)\\20230216_150133\\execution0.log"/>
         <property name="attachments" value=""/>
         <property name="hostName" value="hexas - DESKTOP-C94ONF5"/>
         <property name="os" value="Windows 10 64bit"/>
         <property name="katalonVersion" value="8.5.5.208"/>
         <property name="browser" value="Chrome 110.0.0.0"/>
         <property name="hostAddress" value="192.168.2.7"/>
         <property name="sessionId" value="0b8903216b591b1e94189b9517577edd"/>
         <property name="seleniumVersion" value="3.141.59"/>
         <property name="proxyInformation" value="ProxyInformation { proxyOption=NO_PROXY, proxyServerType=HTTP, username=, password=********, proxyServerAddress=, proxyServerPort=0, executionList=&quot;&quot;, isApplyToDesiredCapabilities=true }"/>
         <property name="platform" value="Windows 10"/>
      </properties>
      <testcase name="Test Cases/New Test Case - calamar - Copy (1)" time="83.582" classname="Test Cases/New Test Case - calamar - Copy (1)" status="PASSED">
         <system-out><![CDATA[2023-02-16 15:01:44 - [TEST_CASE][PASSED] - Test Cases/New Test Case - calamar - Copy (1): Test Cases/New Test Case - calamar - Copy (1)

2023-02-16 15:01:46 - [TEST_STEP][PASSED] - openBrowser(""): Browser is opened with url: ''

2023-02-16 15:01:47 - [MESSAGE][INFO] - Starting 'Chrome' driver

2023-02-16 15:01:47 - [MESSAGE][INFO] - Action delay is set to 0 milliseconds

2023-02-16 15:01:52 - [MESSAGE][PASSED] - Browser is opened with url: ''

2023-02-16 15:01:52 - [TEST_STEP][PASSED] - navigateToUrl("https://compucalitv.org/"): Navigate to 'https://compucalitv.org/' successfully

2023-02-16 15:02:03 - [MESSAGE][PASSED] - Navigate to 'https://compucalitv.org/' successfully

2023-02-16 15:02:03 - [TEST_STEP][PASSED] - click(findTestObject("Object Repository/Page_CompucaliTV  Ocio y Entretenimiento/a_Pelculas")): Object: 'Object Repository/Page_CompucaliTV  Ocio y Entretenimiento/a_Pelculas' is clicked on

2023-02-16 15:03:06 - [MESSAGE][PASSED] - Object: 'Object Repository/Page_CompucaliTV  Ocio y Entretenimiento/a_Pelculas' is clicked on

2023-02-16 15:03:06 - [TEST_STEP][PASSED] - closeBrowser(): Browser is closed

2023-02-16 15:03:08 - [MESSAGE][PASSED] - Browser is closed]]></system-out>
         <system-err><![CDATA[]]></system-err>
      </testcase>
      <testcase name="Test Cases/New Test Case - calamar - Copy (3)" time="54.975" classname="Test Cases/New Test Case - calamar - Copy (3)" status="PASSED">
         <system-out><![CDATA[2023-02-16 15:03:08 - [TEST_CASE][PASSED] - Test Cases/New Test Case - calamar - Copy (3): Test Cases/New Test Case - calamar - Copy (3)

2023-02-16 15:03:09 - [TEST_STEP][PASSED] - openBrowser(""): Browser is opened with url: ''

2023-02-16 15:03:09 - [MESSAGE][INFO] - Starting 'Chrome' driver

2023-02-16 15:03:09 - [MESSAGE][INFO] - Action delay is set to 0 milliseconds

2023-02-16 15:03:11 - [MESSAGE][PASSED] - Browser is opened with url: ''

2023-02-16 15:03:11 - [TEST_STEP][PASSED] - navigateToUrl("https://compucalitv.org/"): Navigate to 'https://compucalitv.org/' successfully

2023-02-16 15:04:00 - [MESSAGE][PASSED] - Navigate to 'https://compucalitv.org/' successfully

2023-02-16 15:04:00 - [TEST_STEP][PASSED] - click(findTestObject("Object Repository/Page_CompucaliTV  Ocio y Entretenimiento/a_Pelculas")): Object: 'Object Repository/Page_CompucaliTV  Ocio y Entretenimiento/a_Pelculas' is clicked on

2023-02-16 15:04:02 - [MESSAGE][PASSED] - Object: 'Object Repository/Page_CompucaliTV  Ocio y Entretenimiento/a_Pelculas' is clicked on

2023-02-16 15:04:02 - [TEST_STEP][PASSED] - closeBrowser(): Browser is closed

2023-02-16 15:04:03 - [MESSAGE][PASSED] - Browser is closed]]></system-out>
         <system-err><![CDATA[]]></system-err>
      </testcase>
      <system-out><![CDATA[2023-02-16 15:01:44 - [TEST_SUITE][PASSED] - New Test Suite pulpito repetido - Copy (1): Test Cases/New Test Case - calamar - Copy (3)]]></system-out>
      <system-err><![CDATA[]]></system-err>
   </testsuite>
</testsuites>
