<?xml version="1.0" encoding="UTF-8"?>
<testsuites name="New Test Suite pulpito repetido - Copy" time="25.688" tests="1" failures="0" errors="0">
   <testsuite name="New Test Suite pulpito repetido - Copy" tests="1" failures="0" errors="0" time="25.688" skipped="0" timestamp="2023-02-14 19:22:43" hostname="hexas - DESKTOP-C94ONF5.mshome.net" id="Test Suites/New Test Suite pulpito repetido - Copy">
      <properties>
         <property name="deviceName" value=""/>
         <property name="devicePlatform" value=""/>
         <property name="logFolder" value="C:\\Users\\hexas\\git\\chungu\\Reports\\20230214_190752\\New Test Suite pulpito repetido - Copy\\20230214_190842"/>
         <property name="logFiles" value="C:\\Users\\hexas\\git\\chungu\\Reports\\20230214_190752\\New Test Suite pulpito repetido - Copy\\20230214_190842\\execution0.log"/>
         <property name="attachments" value=""/>
         <property name="hostName" value="hexas - DESKTOP-C94ONF5.mshome.net"/>
         <property name="os" value="Windows 10 64bit"/>
         <property name="katalonVersion" value="8.5.5.208"/>
         <property name="browser" value="Chrome 110.0.0.0"/>
         <property name="hostAddress" value="192.168.137.1"/>
         <property name="sessionId" value="ea62fb57be584257dfd7fc88a3d4bd68"/>
         <property name="seleniumVersion" value="3.141.59"/>
         <property name="proxyInformation" value="ProxyInformation { proxyOption=NO_PROXY, proxyServerType=HTTP, username=, password=********, proxyServerAddress=, proxyServerPort=0, executionList=&quot;&quot;, isApplyToDesiredCapabilities=true }"/>
         <property name="platform" value="Windows 10"/>
      </properties>
      <testcase name="Test Cases/New Test Case - calamar - Copy (3)" time="25.202" classname="Test Cases/New Test Case - calamar - Copy (3)" status="PASSED">
         <system-out><![CDATA[2023-02-14 19:22:43 - [TEST_CASE][PASSED] - Test Cases/New Test Case - calamar - Copy (3): Test Cases/New Test Case - calamar - Copy (3)

2023-02-14 19:22:45 - [TEST_STEP][PASSED] - openBrowser(""): Browser is opened with url: ''

2023-02-14 19:22:47 - [MESSAGE][INFO] - Starting 'Chrome' driver

2023-02-14 19:22:47 - [MESSAGE][INFO] - Action delay is set to 0 milliseconds

2023-02-14 19:22:51 - [MESSAGE][PASSED] - Browser is opened with url: ''

2023-02-14 19:22:51 - [TEST_STEP][PASSED] - navigateToUrl("https://compucalitv.org/"): Navigate to 'https://compucalitv.org/' successfully

2023-02-14 19:22:57 - [MESSAGE][PASSED] - Navigate to 'https://compucalitv.org/' successfully

2023-02-14 19:22:57 - [TEST_STEP][PASSED] - click(findTestObject("Object Repository/Page_CompucaliTV  Ocio y Entretenimiento/a_Pelculas")): Object: 'Object Repository/Page_CompucaliTV  Ocio y Entretenimiento/a_Pelculas' is clicked on

2023-02-14 19:23:07 - [MESSAGE][PASSED] - Object: 'Object Repository/Page_CompucaliTV  Ocio y Entretenimiento/a_Pelculas' is clicked on

2023-02-14 19:23:07 - [TEST_STEP][PASSED] - closeBrowser(): Browser is closed

2023-02-14 19:23:09 - [MESSAGE][PASSED] - Browser is closed]]></system-out>
         <system-err><![CDATA[]]></system-err>
      </testcase>
      <system-out><![CDATA[2023-02-14 19:22:43 - [TEST_SUITE][PASSED] - New Test Suite pulpito repetido - Copy: Test Cases/New Test Case - calamar - Copy (3)]]></system-out>
      <system-err><![CDATA[]]></system-err>
   </testsuite>
</testsuites>
